17:12:49,718 INF main: /sbin/anaconda 29.19.0.40-1.el8
17:12:49,873 INF isys: 4166232 kB (4068 MB) are available
17:12:49,887 INF startup_utils: check_memory(): total:4068, needed:320, graphical:410
17:12:49,894 INF main: anaconda called with cmdline = ['/sbin/anaconda']
17:12:49,894 INF main: Default encoding = utf-8 
17:12:49,904 INF dbus.connection: Connecting to a default bus at unix:abstract=/tmp/dbus-NAGBkWi2Ax,guid=4dc37c0e715eff1065dd0a805d8e4311.
17:12:50,145 INF startup_utils: Waiting 600 sec for modules to be started.
17:12:51,213 INF startup_utils: Parsing kickstart: /run/install/ks.cfg
17:12:51,628 WRN misc: /usr/lib/python3.6/site-packages/pykickstart/base.py:215: KickstartDeprecationWarning: Ignoring deprecated command on line 3:  The install command has been deprecated and no longer has any effect.  It may be removed from future releases, which will result in a fatal error from kickstart.  Please modify your kickstart file to remove this command.
  warnings.warn(_("Ignoring deprecated command on line %(lineno)s:  The %(cmd)s command has been deprecated and no longer has any effect.  It may be removed from future releases, which will result in a fatal error from kickstart.  Please modify your kickstart file to remove this command.") % mapping, KickstartDeprecationWarning)

17:12:51,628 WRN kickstart: Command keyboard will be parsed in DBus module.
17:12:51,628 WRN kickstart: Command rootpw will be parsed in DBus module.
17:12:51,629 WRN kickstart: Command lang will be parsed in DBus module.
17:12:51,629 WRN kickstart: Command firewall will be parsed in DBus module.
17:12:51,631 WRN kickstart: Command timezone will be parsed in DBus module.
17:12:51,631 WRN kickstart: Command selinux will be parsed in DBus module.
17:12:51,631 WRN kickstart: Command bootloader will be parsed in DBus module.
17:12:51,633 INF bootloader: bootloader GRUB2 on X86 platform
17:12:51,635 WRN kickstart: Command autopart will be parsed in DBus module.
17:12:51,635 WRN kickstart: Command zerombr will be parsed in DBus module.
17:12:51,636 WRN kickstart: Command clearpart will be parsed in DBus module.
17:12:51,898 DBG localization: setting locale to: en_US.UTF-8
17:12:51,904 DBG network: devices found ['ens3']
17:12:51,911 DBG network: ensure single initramfs connections
17:12:51,939 DBG network: apply kickstart
17:12:51,985 DBG network: pre kickstart - updating settings of device ens3
17:12:52,031 DBG network: pre kickstart - activating connection 1dc3c9a6-9a91-49e1-8d72-f68b675b6338 for ens3
17:12:52,045 DBG network: kickstart pre section applied for devices ['ens3']
17:12:52,086 DBG network: create missing ifcfg files
17:12:52,139 DBG network: set real ONBOOT value
17:12:52,154 DBG network: setting ONBOOT value of ens3 to True
17:12:52,187 DBG network: real kickstart ONBOOT value set for devices ['ens3']
17:12:52,198 INF threading: Running Thread: AnaWaitForConnectingNMThread (140307114739456)
17:12:52,200 DBG anaconda: setting display mode to GUI
17:12:52,207 INF anaconda: Display mode is set to 'interactive graphical mode'.
17:12:52,208 INF isys: 4166232 kB (4068 MB) are available
17:12:52,215 INF startup_utils: check_memory(): total:4068, needed:320, graphical:410
17:12:52,216 DBG core.util: Setting timeout 60 seconds for starting X.
17:12:52,230 INF network: got 0 NTP servers from DHCP
17:12:52,233 INF threading: Thread Done: AnaWaitForConnectingNMThread (140307114739456)
17:12:53,562 DBG core.util: X server has signalled a successful start.
17:12:53,614 INF display: spice-vdagent exited with status 1
17:12:54,055 DBG storage: trying to set new default /boot fstype to 'ext4'
17:12:54,062 DBG installclass: Searching /usr/lib64/python3.6/site-packages/pyanaconda/installclasses.
17:12:54,076 DBG installclass: Found Fedora (FedoraBaseInstallClass).
17:12:54,076 DBG installclass: Found Atomic Host (AtomicHostInstallClass).
17:12:54,076 DBG installclass: Found Red Hat Enterprise Linux (DefaultInstallClass).
17:12:54,076 DBG installclass: Found CentOS Linux (CentOSBaseInstallClass).
17:12:54,076 DBG installclass: Found Red Hat Enterprise Linux (RHELBaseInstallClass).
17:12:54,076 DBG installclass: Found Scientific Linux (ScientificBaseInstallClass).
17:12:54,077 DBG installclass: Found Fedora Workstation (FedoraWorkstationInstallClass).
17:12:54,077 DBG installclass: Found Fedora Server (FedoraServerInstallClass).
17:12:54,077 INF installclass: Using a visible install class CentOS Linux (CentOSBaseInstallClass).
17:12:54,586 DBG payload: getting release version from tree at None (8.0.1905)
17:12:54,586 DBG payload: using default release version of 8.0.1905
17:12:54,736 INF bootloader: bootloader GRUB2 on X86 platform
17:12:54,737 INF autopart: Detected 3.97 GiB of memory
17:12:54,738 INF autopart: Suggested swap size (3.97 GiB) exceeds 10 % of disk space, using 10 % of disk space (0.0) instead.
17:12:54,738 INF autopart: Swap attempt of 0.0
17:12:54,800 DBG storage_utils: LABEL=OEMDRV matches [] for devicetree=None and disks_only=True
17:12:54,801 INF threading: Running Thread: AnaStorageThread (140306771977984)
17:12:54,805 INF threading: Running Thread: AnaTimeInitThread (140306763585280)
17:12:54,835 DBG payload: Restarting payload thread
17:12:54,835 INF threading: Running Thread: AnaPayloadRestartThread (140306755192576)
17:12:54,835 INF geoloc: Geolocation is disabled due to automated kickstart based installation.
17:12:54,837 INF threading: Running Thread: AnaPayloadThread (140306746799872)
17:12:54,838 DBG payload: Updating payload thread state: 0
17:12:54,838 DBG payload: Updating payload thread state: 1
17:12:54,839 INF threading: Thread Done: AnaPayloadRestartThread (140306755192576)
17:12:55,465 DBG ui.gui: Detected primary monitor: 1024x768 95dpix 96dpiy
17:12:56,001 INF threading: Thread Done: AnaTimeInitThread (140306763585280)
17:12:56,250 DBG ui.gui.spokes.network: network standalone spoke (init): completed: ['ens3']
17:12:56,302 INF lifecycle: Adding controller: SummaryHub
17:12:56,533 INF bootloader: bootloader GRUB2 on X86 platform
17:12:56,575 INF threading: Thread Done: AnaStorageThread (140306771977984)
17:12:56,575 DBG payload: Updating payload thread state: 2
17:12:56,575 DBG payload: Updating payload thread state: 4
17:12:56,587 DBG payload: retrieving treeinfo from http://mirror.centos.org/centos/8.0.1905/BaseOS/x86_64/kickstart/ (proxy:  ; sslverify: True)
17:12:56,599 DBG payload: getting release version from tree at http://mirror.centos.org/centos/8.0.1905/BaseOS/x86_64/kickstart/ (8.0.1905)
17:12:56,599 DBG payload: using treeinfo release version of 8
17:12:56,813 DBG payload: Updating payload thread state: 5
17:12:58,049 INF threading: Running Thread: AnaAddLayoutsInitThread (140306771977984)
17:12:58,050 DBG ui.gui.utils: Starting applying <bound method AddLayoutDialog._addLayout of <pyanaconda.ui.gui.spokes.keyboard.AddLayoutDialog object at 0x7f9bb7beaeb8>> on <list object at 0x7f9bb7bf1e48>
17:12:58,051 INF threading: Running Thread: AnaGtkBatchPre1 (140306763585280)
17:12:58,053 INF threading: Thread Done: AnaGtkBatchPre1 (140306763585280)
17:12:58,099 INF threading: Running Thread: AnaKeyboardThread (140306763585280)
17:12:58,272 INF lifecycle: Module initialized: LangsupportSpoke
17:12:58,658 INF threading: Running Thread: AnaNTPserver1 (140306755192576)
17:12:58,659 INF threading: Running Thread: AnaDateTimeThread (140306699069184)
17:12:59,766 INF threading: Running Thread: AnaSourceWatcher (140306680919808)
17:12:59,769 DBG ui.gui.hubs: incomplete spokes: [SourceSpoke]
17:12:59,778 INF threading: Running Thread: AnaSoftwareWatcher (140306655606528)
17:12:59,779 DBG ui.gui.hubs: incomplete spokes: [SourceSpoke, SoftwareSelectionSpoke]
17:12:59,803 INF ui.gui.spokes.storage: Blivet-gui is not supported on CentOS Linux
17:12:59,804 INF threading: Running Thread: AnaStorageWatcher (140306647213824)
17:12:59,807 DBG ui.gui.hubs: incomplete spokes: [SourceSpoke, SoftwareSelectionSpoke, StorageSpoke]
17:12:59,811 DBG storage: onlyuse is now: vda
17:12:59,812 INF lifecycle: Module initialized: StorageSpoke
17:12:59,812 INF threading: Thread Done: AnaStorageWatcher (140306647213824)
17:12:59,837 INF threading: Running Thread: AnaCustomStorageInit (140306647213824)
17:12:59,879 INF lifecycle: Module initialized: FilterSpoke
17:12:59,887 WRN misc: /usr/share/anaconda/addons/com_redhat_kdump/gui/spokes/kdump.py:80: PyGTKDeprecationWarning: Using positional arguments with the GObject constructor has been deprecated. Please specify keyword(s) for "value, lower, upper, step_increment, page_increment, page_size" or use a class specific constructor. See: https://wiki.gnome.org/PyGObject/InitializerDeprecations
  adjustment = Gtk.Adjustment(lower, lower, upper, step, step, 0)

17:13:00,470 DBG ui.gui.spokes.network: can't get remote connection of active connection of device ens3
17:13:00,471 DBG ui.gui.spokes.network: device configuration added: connection 1dc3c9a6-9a91-49e1-8d72-f68b675b6338 device ens3
17:13:00,473 DBG ui.gui.spokes.network: not adding connection 1dc3c9a6-9a91-49e1-8d72-f68b675b6338, already in list
17:13:00,501 INF lifecycle: Module initialized: NetworkSpoke
17:13:00,551 INF payload: Refreshing environmentAddons
17:13:00,697 DBG payload: Updating payload thread state: 6
17:13:00,697 INF ui.gui.spokes.software_selection: using environment from kickstart: None
17:13:00,698 INF threading: Thread Done: AnaPayloadThread (140306746799872)
17:13:00,698 DBG ui.gui.spokes.installation_source: Clearing checks in source spoke
17:13:00,699 DBG ui.gui.spokes.installation_source: Setting up repos: ['koji-override-0', 'AppStream']
17:13:00,700 DBG ui.gui.spokes.software_selection: Environment is not set, skip user packages settings
17:13:00,700 INF lifecycle: Module initialized: SoftwareSelectionSpoke
17:13:00,701 INF threading: Thread Done: AnaSoftwareWatcher (140306655606528)
17:13:00,714 INF lifecycle: Module initialized: SourceSpoke
17:13:00,714 INF threading: Thread Done: AnaSourceWatcher (140306680919808)
17:13:00,763 DBG payload: Source http://mirror.centos.org/centos/8.0.1905/BaseOS/x86_64/kickstart/ needs network for installation
17:13:00,806 INF lifecycle: Module initialized: CustomPartitioningSpoke
17:13:00,806 INF threading: Thread Done: AnaCustomStorageInit (140306647213824)
17:13:00,808 INF lifecycle: Initialization of all modules (9) has been started.
17:13:00,810 DBG ui.gui.hubs: Starting event loop for hub SummaryHub
17:13:00,857 DBG ui.common: Entered hub: SummaryHub
17:13:00,858 WRN misc: /usr/lib64/python3.6/site-packages/gi/overrides/Gdk.py:336: DeprecationWarning: Gdk.Cursor.new is deprecated
  return cls.new(*args, **kwds)

17:13:01,071 INF lifecycle: Module initialized: DatetimeSpoke
17:13:01,071 INF threading: Thread Done: AnaDateTimeThread (140306699069184)
17:13:01,072 INF threading: Running Thread: AnaExecuteStorageThread (140306699069184)
17:13:01,082 DBG ui.gui.hubs: spoke is not ready: KeyboardSpoke
17:13:01,082 DBG ui.gui.hubs: setting KeyboardSpoke status to: Getting list of layouts...
17:13:01,085 DBG ui.gui.hubs: incomplete spokes: [SourceSpoke, StorageSpoke]
17:13:01,085 DBG ui.gui.hubs: spoke is not ready: SoftwareSelectionSpoke
17:13:01,087 DBG ui.gui.hubs: incomplete spokes: [StorageSpoke]
17:13:01,087 DBG ui.gui.hubs: spoke is not ready: SourceSpoke
17:13:01,088 DBG ui.gui.hubs: setting SourceSpoke status to: Setting up installation source...
17:13:01,088 DBG ui.gui.hubs: setting SourceSpoke status to: Probing storage...
17:13:01,088 DBG ui.gui.hubs: setting SourceSpoke status to: Downloading package metadata...
17:13:01,088 DBG ui.gui.hubs: setting SourceSpoke status to: Downloading group metadata...
17:13:01,088 DBG ui.gui.hubs: setting SoftwareSelectionSpoke status to: Downloading package metadata...
17:13:01,089 DBG ui.gui.hubs: setting SoftwareSelectionSpoke status to: Downloading group metadata...
17:13:01,089 DBG ui.gui.hubs: setting StorageSpoke status to: Probing storage...
17:13:01,089 DBG ui.gui.hubs: setting StorageSpoke status to: Probing storage...
17:13:01,092 DBG ui.gui.hubs: spoke is ready: SoftwareSelectionSpoke
17:13:01,092 DBG ui.gui.hubs: kickstart installation, spoke Software Selection is ready
17:13:01,092 DBG ui.gui.hubs: execute spoke from event loop Software Selection
17:13:01,094 DBG ui.gui.hubs: spoke is ready: SourceSpoke
17:13:01,094 DBG ui.gui.hubs: kickstart installation, spoke Installation Source is ready
17:13:01,096 DBG ui.gui.hubs: execute spoke from event loop Installation Source
17:13:01,098 DBG ui.gui.hubs: spoke is ready: SoftwareSelectionSpoke
17:13:01,099 DBG ui.gui.hubs: kickstart installation, spoke Software Selection is ready
17:13:01,101 DBG ui.gui.hubs: spoke is ready: SourceSpoke
17:13:01,101 DBG ui.gui.hubs: kickstart installation, spoke Installation Source is ready
17:13:01,104 DBG ui.gui.hubs: spoke is ready: OSCAPSpoke
17:13:01,105 DBG ui.gui.hubs: kickstart installation, spoke SECURITY POLICY is ready
17:13:01,110 DBG storage: clearpart: initializing vda
17:13:01,129 DBG ui.gui.hubs: spoke is ready: DatetimeSpoke
17:13:01,131 DBG ui.gui.hubs: kickstart installation, spoke Time & Date is ready
17:13:01,131 DBG ui.gui.hubs: execute spoke from event loop Time & Date
17:13:01,149 DBG kickstart.kickstart.bootloader: Execute the bootloader with dry run True.
17:13:01,153 DBG kickstart.kickstart.bootloader: Bootloader is not enabled, skipping.
17:13:01,154 DBG ui.gui.hubs: spoke is not ready: StorageSpoke
17:13:01,154 DBG ui.gui.hubs: setting StorageSpoke status to: Saving storage configuration...
17:13:01,160 DBG autopart: do_autopart: True
17:13:01,160 DBG autopart: encrypted_autopart: False
17:13:01,161 DBG autopart: autopart_type: 0
17:13:01,161 DBG autopart: clear_part_type: 1
17:13:01,161 DBG autopart: clear_part_disks: []
17:13:01,161 DBG autopart: autopart_requests:
PartSpec instance (0x7f9bbb8b7b38) -- 
  mountpoint = /  lv = True  thin = True  btrfs = True
  weight = 0  fstype = ext4  encrypted = True
  size = 1024 MiB  max_size = 50 GiB  grow = True
PartSpec instance (0x7f9bbb8b7a20) -- 
  mountpoint = None  lv = False  thin = False  btrfs = False
  weight = 0  fstype = biosboot  encrypted = False
  size = 1024 KiB  max_size = None  grow = False

17:13:01,162 DBG autopart: storage.disks: ['vda']
17:13:01,162 DBG autopart: storage.partitioned: ['vda']
17:13:01,162 DBG autopart: all names: ['/LiveOS/rootfs.img', '/overlay (deleted)', '/tmp/curl_fetch_url1/install.img (deleted)', 'live-base', 'live-rw', 'loop0', 'loop1', 'loop2', 'vda']
17:13:01,162 DBG autopart: boot disk: None
17:13:01,164 DBG autopart: candidate disks: [DiskDevice instance (0x7f9bbb80cb70) --
  name = vda  status = True  id = 4
  children = []
  parents = []
  uuid = None  size = 10 GiB
  format = non-existent msdos disklabel
  major = 252  minor = 0  exists = True  protected = False
  sysfs path = /sys/devices/pci0000:00/0000:00:04.0/virtio1/block/vda
  target size = 10 GiB  path = /dev/vda
  format args = []  original_format = None  removable = False  wwn = None]
17:13:01,169 DBG autopart: devs: []
17:13:01,185 INF autopart: skipping unneeded stage1 biosboot request
17:13:01,185 DBG autopart: PartSpec instance (0x7f9bbb8b7a20) -- 
  mountpoint = None  lv = False  thin = False  btrfs = False
  weight = 0  fstype = biosboot  encrypted = False
  size = 1024 KiB  max_size = None  grow = False

17:13:01,186 DBG autopart: None
17:13:01,261 INF storage: user specified that bootloader install be skipped
17:13:01,265 DBG storage_utils: Available memory: 2.54 GiB
17:13:01,271 DBG kickstart.kickstart.autopart: Storage check started with constraints {'min_ram': 410, 'min_root': Size (250 MiB), 'min_partition_sizes': {'/usr': Size (250 MiB), '/tmp': Size (50 MiB), '/var': Size (384 MiB), '/home': Size (100 MiB), '/boot': Size (200 MiB)}, 'must_be_on_linuxfs': {'/usr', '/home', '/usr/share', '/usr/lib', '/var', '/', '/tmp'}, 'must_be_on_root': {'/proc', '/root', '/sbin', '/lib', 'lost+found', '/etc', '/dev', '/bin', '/mnt'}, 'swap_is_recommended': False, 'luks2_min_ram': Size (128 MiB)}.
17:13:01,272 DBG kickstart.kickstart.autopart: Run sanity check verify_root.
17:13:01,272 DBG kickstart.kickstart.autopart: Run sanity check verify_s390_constraints.
17:13:01,272 DBG kickstart.kickstart.autopart: Run sanity check verify_partition_sizes.
17:13:01,272 DBG kickstart.kickstart.autopart: Run sanity check verify_partition_format_sizes.
17:13:01,272 DBG kickstart.kickstart.autopart: Run sanity check verify_bootloader.
17:13:01,272 DBG kickstart.kickstart.autopart: Run sanity check verify_gpt_biosboot.
17:13:01,272 DBG kickstart.kickstart.autopart: Run sanity check verify_swap.
17:13:01,273 DBG kickstart.kickstart.autopart: Run sanity check verify_swap_uuid.
17:13:01,273 DBG kickstart.kickstart.autopart: Run sanity check verify_mountpoints_on_linuxfs.
17:13:01,273 DBG kickstart.kickstart.autopart: Run sanity check verify_mountpoints_on_root.
17:13:01,273 DBG kickstart.kickstart.autopart: Run sanity check verify_luks_devices_have_key.
17:13:01,273 DBG kickstart.kickstart.autopart: Run sanity check verify_luks2_memory_requirements.
17:13:01,273 DBG kickstart.kickstart.autopart: Run sanity check verify_mounted_partitions.
17:13:01,273 DBG kickstart.kickstart.autopart: Storage check finished with success.
17:13:01,277 INF storage: user specified that bootloader install be skipped
17:13:01,278 INF threading: Running Thread: AnaCheckStorageThread (140306647213824)
17:13:01,287 INF threading: Thread Done: AnaExecuteStorageThread (140306699069184)
17:13:01,295 DBG storage_utils: Available memory: 2.54 GiB
17:13:01,302 DBG ui.helpers: Storage check started with constraints {'min_ram': 410, 'min_root': Size (250 MiB), 'min_partition_sizes': {'/usr': Size (250 MiB), '/tmp': Size (50 MiB), '/var': Size (384 MiB), '/home': Size (100 MiB), '/boot': Size (200 MiB)}, 'must_be_on_linuxfs': {'/usr', '/home', '/usr/share', '/usr/lib', '/var', '/', '/tmp'}, 'must_be_on_root': {'/proc', '/root', '/sbin', '/lib', 'lost+found', '/etc', '/dev', '/bin', '/mnt'}, 'swap_is_recommended': False, 'luks2_min_ram': Size (128 MiB)}.
17:13:01,302 DBG ui.helpers: Run sanity check verify_root.
17:13:01,302 DBG ui.helpers: Run sanity check verify_s390_constraints.
17:13:01,302 DBG ui.helpers: Run sanity check verify_partition_sizes.
17:13:01,303 DBG ui.helpers: Run sanity check verify_partition_format_sizes.
17:13:01,303 DBG ui.helpers: Run sanity check verify_bootloader.
17:13:01,303 DBG ui.helpers: Run sanity check verify_gpt_biosboot.
17:13:01,303 DBG ui.helpers: Run sanity check verify_swap.
17:13:01,303 DBG ui.helpers: Run sanity check verify_swap_uuid.
17:13:01,303 DBG ui.helpers: Run sanity check verify_mountpoints_on_linuxfs.
17:13:01,303 DBG ui.helpers: Run sanity check verify_mountpoints_on_root.
17:13:01,304 DBG ui.helpers: Run sanity check verify_luks_devices_have_key.
17:13:01,304 DBG ui.helpers: Run sanity check verify_luks2_memory_requirements.
17:13:01,304 DBG ui.helpers: Run sanity check verify_mounted_partitions.
17:13:01,304 DBG ui.helpers: Storage check finished with success.
17:13:01,304 INF threading: Thread Done: AnaCheckStorageThread (140306647213824)
17:13:01,334 DBG ui.gui.hubs: incomplete spokes: []
17:13:01,363 INF ui.lib.space: fs space: 8.5 GiB  needed: 2.79 GiB
17:13:01,363 INF core.util: Skipping detection of SMT.
17:13:01,363 DBG ui.gui.hubs: spoke is ready: StorageSpoke
17:13:01,364 DBG ui.gui.hubs: kickstart installation, spoke Installation Destination is ready
17:13:01,384 INF ui.lib.space: fs space: 8.5 GiB  needed: 2.79 GiB
17:13:01,385 INF core.util: Skipping detection of SMT.
17:13:01,385 DBG ui.gui.hubs: spoke is not ready: StorageSpoke
17:13:01,385 DBG ui.gui.hubs: setting StorageSpoke status to: Checking storage configuration...
17:13:01,405 INF ui.lib.space: fs space: 8.5 GiB  needed: 2.79 GiB
17:13:01,405 INF core.util: Skipping detection of SMT.
17:13:01,405 DBG ui.gui.hubs: spoke is ready: StorageSpoke
17:13:01,406 DBG ui.gui.hubs: kickstart installation, spoke Installation Destination is ready
17:13:03,011 DBG ui.gui.utils: Finished applying <bound method AddLayoutDialog._addLayout of <pyanaconda.ui.gui.spokes.keyboard.AddLayoutDialog object at 0x7f9bb7beaeb8>> on <list object at 0x7f9bb7bf1e48>
17:13:03,011 INF threading: Thread Done: AnaAddLayoutsInitThread (140306771977984)
17:13:03,012 INF lifecycle: Module initialized: KeyboardSpoke
17:13:03,012 INF lifecycle: All modules have been initialized.
17:13:03,012 DBG misc: OSCAP addon: Anaconda init_done signal triggered
17:13:03,012 INF threading: Thread Done: AnaKeyboardThread (140306763585280)
17:13:03,077 INF ui.lib.space: fs space: 8.5 GiB  needed: 2.79 GiB
17:13:03,078 INF core.util: Skipping detection of SMT.
17:13:03,078 DBG ui.gui.hubs: spoke is ready: KeyboardSpoke
17:13:03,080 DBG ui.gui.hubs: kickstart installation, spoke Keyboard is ready
17:13:03,080 DBG ui.gui.hubs: execute spoke from event loop Keyboard
17:13:03,081 DBG ui.gui.hubs: _autoContinue clicking continue button
17:13:03,097 DBG ui.common: Left hub: SummaryHub
17:13:03,110 INF lifecycle: Adding controller: ProgressHub
17:13:03,121 INF lifecycle: Module initialized: PasswordSpoke
17:13:03,146 INF lifecycle: Module initialized: UserSpoke
17:13:03,151 INF lifecycle: Initialization of all modules (2) has been started.
17:13:03,151 INF lifecycle: All modules have been initialized.
17:13:03,152 DBG ui.gui.hubs: Disabling event loop for hub SummaryHub
17:13:03,152 DBG ui.gui.hubs: Starting event loop for hub ProgressHub
17:13:03,152 INF threading: Running Thread: AnaInstallThread (140306763585280)
17:13:03,158 DBG ui.common: Entered hub: ProgressHub
17:13:03,161 INF installation: Top-level task queue: Installation queue
Number of task queues: 9
Number of tasks: 18
Task & task group listing:
 Task queue: Wait for threads to finish
  Task: Wait for all threads to finish
 Task: Save system time to HW clock
 Task queue: Installation environment setup
  Task: Setup addons
 Task queue: Early storage configuration
  Task: Insert custom storage to ksdata
  Task: Run pre-storage tasks
  Task: Activate filesystems
  Task: Write early storage
 Task queue: Pre-install scripts
  Task: Run %pre-install scripts
 Task queue: Realm discover
  Task: Discover realm to join
 Task queue: Pre install tasks
  Task: Setup authselect
  Task: Setup firewall
  Task: Setup network
  Task: Setup timezone
  Task: Copy /resolv.conf to sysroot
  Task: Find additional packages & run preInstall()
 Task queue: Payload installation
  Task: Install the payload
 Task queue: Late storage configuration
  Task: Write late storage
 Task queue: Post-installation setup tasks
  Task: Run post-installation setup tasks
17:13:03,162 INF progress: Waiting for 1 threads to finish
17:13:03,163 INF installation: Queue started: Wait for threads to finish (1/9)
17:13:03,163 INF installation: Task started: Wait for all threads to finish (1/18)
17:13:03,163 DBG installation: Thread AnaNTPserver1 is running
17:13:03,163 DBG installation: Thread AnaInstallThread is running
17:13:03,164 DBG threading: Waiting for thread AnaNTPserver1 to exit
17:13:03,264 DBG ui.gui.hubs: spoke is ready: PasswordSpoke
17:13:03,269 DBG ui.gui.hubs: kickstart installation, spoke Root Password is ready
17:13:03,804 INF threading: Thread Done: AnaNTPserver1 (140306755192576)
17:13:03,804 INF progress: Wait for all threads to finish
17:13:03,804 DBG installation: Task completed: Wait for all threads to finish (1/18) (0.6 s)
17:13:03,805 INF installation: Task started: Save system time to HW clock (2/18)
17:13:04,505 INF progress: Save system time to HW clock
17:13:04,505 DBG installation: Task completed: Save system time to HW clock (2/18) (0.7 s)
17:13:04,506 INF progress: Setting up the installation environment
17:13:04,506 INF installation: Queue started: Installation environment setup (2/9)
17:13:04,506 INF installation: Task started: Setup addons (3/18)
17:13:04,511 INF progress: Setup addons
17:13:04,512 DBG installation: Task completed: Setup addons (3/18) (0.0 s)
17:13:04,512 INF progress: Configuring storage
17:13:04,512 INF installation: Queue started: Early storage configuration (3/9)
17:13:04,513 INF installation: Task started: Insert custom storage to ksdata (4/18)
17:13:04,526 INF progress: Insert custom storage to ksdata
17:13:04,526 DBG installation: Task completed: Insert custom storage to ksdata (4/18) (0.0 s)
17:13:04,526 INF installation: Task started: Run pre-storage tasks (5/18)
17:13:04,527 INF progress: Run pre-storage tasks
17:13:04,527 DBG installation: Task completed: Run pre-storage tasks (5/18) (0.0 s)
17:13:04,527 INF installation: Task started: Activate filesystems (6/18)
17:13:04,645 INF progress: Creating disklabel on /dev/vda
17:13:04,867 INF progress: Creating ext4 on /dev/vda1
17:13:06,312 INF progress: Activate filesystems
17:13:06,313 DBG installation: Task completed: Activate filesystems (6/18) (1.8 s)
17:13:06,313 INF installation: Task started: Write early storage (7/18)
17:13:06,315 INF storage: not writing out mpath configuration
17:13:06,316 INF progress: Write early storage
17:13:06,316 DBG installation: Task completed: Write early storage (7/18) (0.0 s)
17:13:06,317 INF progress: Running pre-installation scripts
17:13:06,317 INF installation: Queue started: Pre-install scripts (4/9)
17:13:06,317 INF installation: Task started: Run %pre-install scripts (8/18)
17:13:06,318 INF progress: Run %pre-install scripts
17:13:06,318 DBG installation: Task completed: Run %pre-install scripts (8/18) (0.0 s)
17:13:06,318 INF progress: Discovering realm to join
17:13:06,319 INF installation: Queue started: Realm discover (5/9)
17:13:06,319 INF installation: Task started: Discover realm to join (9/18)
17:13:06,324 INF progress: Discover realm to join
17:13:06,325 DBG installation: Task completed: Discover realm to join (9/18) (0.0 s)
17:13:06,325 INF progress: Running pre-installation tasks
17:13:06,325 INF installation: Queue started: Pre install tasks (6/9)
17:13:06,326 INF installation: Task started: Setup authselect (10/18)
17:13:06,331 INF progress: Setup authselect
17:13:06,331 DBG installation: Task completed: Setup authselect (10/18) (0.0 s)
17:13:06,331 INF installation: Task started: Setup firewall (11/18)
17:13:06,335 INF progress: Setup firewall
17:13:06,335 DBG installation: Task completed: Setup firewall (11/18) (0.0 s)
17:13:06,335 INF installation: Task started: Setup network (12/18)
17:13:06,344 INF progress: Setup network
17:13:06,344 DBG installation: Task completed: Setup network (12/18) (0.0 s)
17:13:06,344 INF installation: Task started: Setup timezone (13/18)
17:13:06,373 INF progress: Setup timezone
17:13:06,374 DBG installation: Task completed: Setup timezone (13/18) (0.0 s)
17:13:06,374 INF installation: Task started: Copy /resolv.conf to sysroot (14/18)
17:13:06,375 INF progress: Copy /resolv.conf to sysroot
17:13:06,375 DBG installation: Task completed: Copy /resolv.conf to sysroot (14/18) (0.0 s)
17:13:06,375 INF installation: Task started: Find additional packages & run preInstall() (15/18)
17:13:06,376 DBG payload: added package requirement 'e2fsprogs' for storage, strong=True
17:13:06,377 DBG payload: no package requirement added for realm
17:13:06,377 DBG payload: no package requirement added for authselect
17:13:06,377 DBG payload: added package requirement 'firewalld' for firewall, strong=True
17:13:06,378 DBG payload: no package requirement added for network
17:13:06,378 DBG payload: no package requirement added for ntp
17:13:06,384 DBG payload: no group requirement added for language groups
17:13:06,390 DBG payload: added package requirement 'langpacks-en' for langpacks, strong=False
17:13:06,404 DBG payload: added group requirement 'platform-kvm' for platform, strong=True
17:13:06,409 INF progress: Find additional packages & run preInstall()
17:13:06,409 DBG installation: Task completed: Find additional packages & run preInstall() (15/18) (0.0 s)
17:13:06,410 INF progress: Installing.
17:13:06,410 INF installation: Queue started: Payload installation (7/9)
17:13:06,411 INF installation: Task started: Install the payload (16/18)
17:13:06,411 INF progress: Starting package installation process
17:13:06,591 DBG payload: apply with result True called on requirements [('package', 'e2fsprogs', PayloadRequirement(id=e2fsprogs, reasons=[PayloadRequirementReason(reason='storage', strong=True)])), ('package', 'firewalld', PayloadRequirement(id=firewalld, reasons=[PayloadRequirementReason(reason='firewall', strong=True)])), ('package', 'langpacks-en', PayloadRequirement(id=langpacks-en, reasons=[PayloadRequirementReason(reason='langpacks', strong=False)])), ('group', 'platform-kvm', PayloadRequirement(id=platform-kvm, reasons=[PayloadRequirementReason(reason='platform', strong=True)]))]
17:13:07,946 INF progress: Preparing transaction from installation source
17:13:26,430 INF progress: Install the payload
17:13:26,431 DBG installation: Task completed: Install the payload (16/18) (20.0 s)
17:13:26,431 INF progress: Configuring storage
17:13:26,431 INF installation: Queue started: Late storage configuration (8/9)
17:13:26,432 INF installation: Task started: Write late storage (17/18)
17:13:26,432 INF progress: Write late storage
17:13:26,432 DBG installation: Task completed: Write late storage (17/18) (0.0 s)
17:13:26,432 INF progress: Performing post-installation setup tasks
17:13:26,432 INF installation: Queue started: Post-installation setup tasks (9/9)
17:13:26,433 INF installation: Task started: Run post-installation setup tasks (18/18)
17:13:26,456 INF payload: Installation requirements: [('package', 'e2fsprogs', PayloadRequirement(id=e2fsprogs, reasons=[PayloadRequirementReason(reason='storage', strong=True)])), ('package', 'firewalld', PayloadRequirement(id=firewalld, reasons=[PayloadRequirementReason(reason='firewall', strong=True)])), ('package', 'langpacks-en', PayloadRequirement(id=langpacks-en, reasons=[PayloadRequirementReason(reason='langpacks', strong=False)])), ('group', 'platform-kvm', PayloadRequirement(id=platform-kvm, reasons=[PayloadRequirementReason(reason='platform', strong=True)]))]
17:13:26,458 INF progress: Run post-installation setup tasks
17:13:26,458 DBG installation: Task completed: Run post-installation setup tasks (18/18) (0.0 s)
17:13:26,458 INF threading: Thread Done: AnaInstallThread (140306763585280)
17:13:26,465 INF threading: Running Thread: AnaConfigurationThread (140306763585280)
17:13:26,480 INF installation: Top-level task queue: Configuration queue
Number of task queues: 7
Number of tasks: 20
Task & task group listing:
 Task queue: Installed system configuration
  Task: Configure authselect
  Task: Configure SELinux
  Task: Configure first boot tasks
  Task: Configure services
  Task: Configure keyboard
  Task: Configure timezone
  Task: Configure language
  Task: Configure firewall
  Task: Configure X
  Task: Configure system purpose
 Task queue: Network configuration
  Task: Network configuration
 Task queue: User creation
  Task: Configure root
  Task: Configure user groups
  Task: Configure user
  Task: Configure SSH key
 Task queue: Anaconda addon configuration
  Task: Configure Anaconda addons
 Task queue: Initramfs generation
  Task: Generate initramfs
 Task queue: Post installation scripts
  Task: Run post installation scripts
 Task queue: Write configs and kickstarts
  Task: Store kickstarts
  Task: Store user interaction config
17:13:26,480 INF installation: Queue started: Installed system configuration (1/7)
17:13:26,481 INF progress: Configuring installed system
17:13:26,481 INF installation: Task started: Configure authselect (1/20)
17:13:26,487 DBG installation: Task completed: Configure authselect (1/20) (0.0 s)
17:13:26,488 INF progress: Configure authselect
17:13:26,488 INF installation: Task started: Configure SELinux (2/20)
17:13:26,491 ERR kickstart.kickstart.selinux: SELinux configuration failed: [Errno 2] No such file or directory: '/mnt/sysimage/etc/selinux/config'
17:13:26,491 DBG installation: Task completed: Configure SELinux (2/20) (0.0 s)
17:13:26,492 INF progress: Configure SELinux
17:13:26,492 INF installation: Task started: Configure first boot tasks (3/20)
17:13:26,495 DBG kickstart: The initial-setup.service service will be disabled.
17:13:26,511 DBG installation: Task completed: Configure first boot tasks (3/20) (0.0 s)
17:13:26,511 INF progress: Configure first boot tasks
17:13:26,511 INF installation: Task started: Configure services (4/20)
17:13:26,515 DBG kickstart: Disabling the service chronyd.
17:13:26,528 DBG installation: Task completed: Configure services (4/20) (0.0 s)
17:13:26,528 INF progress: Configure services
17:13:26,528 INF installation: Task started: Configure keyboard (5/20)
17:13:26,657 DBG installation: Task completed: Configure keyboard (5/20) (0.1 s)
17:13:26,658 INF progress: Configure keyboard
17:13:26,658 INF installation: Task started: Configure timezone (6/20)
17:13:26,666 DBG installation: Task completed: Configure timezone (6/20) (0.0 s)
17:13:26,666 INF progress: Configure timezone
17:13:26,667 INF installation: Task started: Configure language (7/20)
17:13:26,674 DBG installation: Task completed: Configure language (7/20) (0.0 s)
17:13:26,674 INF progress: Configure language
17:13:26,675 INF installation: Task started: Configure firewall (8/20)
17:13:26,685 DBG installation: Task completed: Configure firewall (8/20) (0.0 s)
17:13:26,685 INF progress: Configure firewall
17:13:26,685 INF installation: Task started: Configure X (9/20)
17:13:26,690 DBG kickstart: Using the default target multi-user.target.
17:13:26,691 DBG desktop: Setting systemd default target to: multi-user.target
17:13:26,691 DBG installation: Task completed: Configure X (9/20) (0.0 s)
17:13:26,691 INF progress: Configure X
17:13:26,691 INF installation: Task started: Configure system purpose (10/20)
17:13:26,700 DBG installation: Task completed: Configure system purpose (10/20) (0.0 s)
17:13:26,700 INF progress: Configure system purpose
17:13:26,700 INF installation: Queue started: Network configuration (2/7)
17:13:26,701 INF progress: Writing network configuration
17:13:26,701 INF installation: Task started: Network configuration (11/20)
17:13:26,715 DBG installation: Task completed: Network configuration (11/20) (0.0 s)
17:13:26,715 INF progress: Network configuration
17:13:26,715 INF installation: Queue started: User creation (3/7)
17:13:26,715 INF progress: Creating users
17:13:26,716 INF installation: Task started: Configure root (12/20)
17:13:26,722 INF users: user account root locked
17:13:26,762 DBG installation: Task completed: Configure root (12/20) (0.0 s)
17:13:26,763 INF progress: Configure root
17:13:26,763 INF installation: Task started: Configure user groups (13/20)
17:13:26,763 DBG installation: Task completed: Configure user groups (13/20) (0.0 s)
17:13:26,763 INF progress: Configure user groups
17:13:26,764 INF installation: Task started: Configure user (14/20)
17:13:26,764 DBG installation: Task completed: Configure user (14/20) (0.0 s)
17:13:26,764 INF progress: Configure user
17:13:26,764 INF installation: Task started: Configure SSH key (15/20)
17:13:26,764 DBG installation: Task completed: Configure SSH key (15/20) (0.0 s)
17:13:26,765 INF progress: Configure SSH key
17:13:26,765 INF installation: Queue started: Anaconda addon configuration (4/7)
17:13:26,765 INF progress: Configuring addons
17:13:26,766 INF installation: Task started: Configure Anaconda addons (16/20)
17:13:26,766 INF progress: Executing org_fedora_oscap addon
17:13:26,766 INF progress: Executing com_redhat_kdump addon
17:13:26,778 DBG installation: Task completed: Configure Anaconda addons (16/20) (0.0 s)
17:13:26,779 INF progress: Configure Anaconda addons
17:13:26,779 INF installation: Queue started: Initramfs generation (5/7)
17:13:26,779 INF progress: Generating initramfs
17:13:26,780 INF installation: Task started: Generate initramfs (17/20)
17:13:26,780 WRN payload: new-kernel-pkg does not exist - grubby wasn't installed?  using dracut instead.
17:13:26,782 DBG installation: Task completed: Generate initramfs (17/20) (0.0 s)
17:13:26,782 INF progress: Generate initramfs
17:13:26,782 INF installation: Queue started: Post installation scripts (6/7)
17:13:26,783 INF progress: Running post-installation scripts
17:13:26,783 INF installation: Task started: Run post installation scripts (18/20)
17:13:26,783 INF kickstart.script: Running kickstart %%post script(s)
