17:12:51,904 DBG ifcfg: content of files (network initialization):
17:12:51,904 DBG ifcfg: /etc/sysconfig/network-scripts/ifcfg-ens3:
17:12:51,905 DBG ifcfg:   # Generated by dracut initrd
17:12:51,905 DBG ifcfg:   NAME="ens3"
17:12:51,905 DBG ifcfg:   DEVICE="ens3"
17:12:51,905 DBG ifcfg:   ONBOOT=yes
17:12:51,905 DBG ifcfg:   NETBOOT=yes
17:12:51,905 DBG ifcfg:   UUID="1dc3c9a6-9a91-49e1-8d72-f68b675b6338"
17:12:51,905 DBG ifcfg:   IPV6INIT=yes
17:12:51,906 DBG ifcfg:   BOOTPROTO=dhcp
17:12:51,906 DBG ifcfg:   TYPE=Ethernet
17:12:51,911 DBG ifcfg: all settings: [{'connection': {'id': 'ens3', 'interface-name': 'ens3', 'permissions': [], 'timestamp': 1569604366, 'type': '802-3-ethernet', 'uuid': '1dc3c9a6-9a91-49e1-8d72-f68b675b6338'}, 'ipv4': {'address-data': [], 'addresses': [], 'dns': [], 'dns-search': [], 'method': 'auto', 'route-data': [], 'routes': []}, '802-3-ethernet': {'auto-negotiate': False, 'mac-address-blacklist': [], 's390-options': {}}, 'proxy': {}, 'ipv6': {'addr-gen-mode': 0, 'address-data': [], 'addresses': [], 'dns': [], 'dns-search': [], 'method': 'auto', 'route-data': [], 'routes': []}}]
17:12:51,983 DBG ifcfg: IfcfFile.read /etc/sysconfig/network-scripts/ifcfg-ens3
17:12:51,983 DBG ifcfg: IfcfFile.read /etc/sysconfig/network-scripts/ifcfg-ens3
17:12:51,984 DBG ifcfg: IfcfFile.read /etc/sysconfig/network-scripts/ifcfg-ens3
17:12:51,984 DBG ifcfg: IfcfFile.read /etc/sysconfig/network-scripts/ifcfg-ens3
17:12:51,985 DBG ifcfg: IfcfFile.read /etc/sysconfig/network-scripts/ifcfg-ens3
17:12:52,046 DBG ifcfg: content of files (kickstart pre section applied for devices ['ens3']):
17:12:52,046 DBG ifcfg: /etc/sysconfig/network-scripts/ifcfg-ens3:
17:12:52,047 DBG ifcfg:   # Generated by dracut initrd
17:12:52,047 DBG ifcfg:   NAME=ens3
17:12:52,047 DBG ifcfg:   DEVICE=ens3
17:12:52,047 DBG ifcfg:   ONBOOT=no
17:12:52,047 DBG ifcfg:   NETBOOT=yes
17:12:52,047 DBG ifcfg:   UUID=1dc3c9a6-9a91-49e1-8d72-f68b675b6338
17:12:52,047 DBG ifcfg:   IPV6INIT=yes
17:12:52,048 DBG ifcfg:   BOOTPROTO=dhcp
17:12:52,048 DBG ifcfg:   TYPE=Ethernet
17:12:52,048 DBG ifcfg:   PROXY_METHOD=none
17:12:52,048 DBG ifcfg:   BROWSER_ONLY=no
17:12:52,048 DBG ifcfg:   DEFROUTE=yes
17:12:52,048 DBG ifcfg:   IPV4_FAILURE_FATAL=no
17:12:52,048 DBG ifcfg:   IPV6_AUTOCONF=yes
17:12:52,049 DBG ifcfg:   IPV6_DEFROUTE=yes
17:12:52,049 DBG ifcfg:   IPV6_FAILURE_FATAL=no
17:12:52,086 DBG ifcfg: all settings: [{'connection': {'autoconnect': False, 'id': 'ens3', 'interface-name': 'ens3', 'permissions': [], 'timestamp': 1569604372, 'type': '802-3-ethernet', 'uuid': '1dc3c9a6-9a91-49e1-8d72-f68b675b6338'}, 'ipv4': {'address-data': [], 'addresses': [], 'dns': [], 'dns-search': [], 'method': 'auto', 'route-data': [], 'routes': []}, '802-3-ethernet': {'auto-negotiate': False, 'mac-address-blacklist': [], 's390-options': {}}, 'proxy': {}, 'ipv6': {'addr-gen-mode': 0, 'address-data': [], 'addresses': [], 'dns': [], 'dns-search': [], 'method': 'auto', 'route-data': [], 'routes': []}}]
17:12:52,136 DBG ifcfg: IfcfFile.read /etc/sysconfig/network-scripts/ifcfg-ens3
17:12:52,137 DBG ifcfg: IfcfFile.read /etc/sysconfig/network-scripts/ifcfg-ens3
17:12:52,138 DBG ifcfg: IfcfFile.read /etc/sysconfig/network-scripts/ifcfg-ens3
17:12:52,138 DBG ifcfg: IfcfFile.read /etc/sysconfig/network-scripts/ifcfg-ens3
17:12:52,139 DBG ifcfg: IfcfFile.read /etc/sysconfig/network-scripts/ifcfg-ens3
17:12:52,182 DBG ifcfg: IfcfFile.read /etc/sysconfig/network-scripts/ifcfg-ens3
17:12:52,183 DBG ifcfg: IfcfFile.read /etc/sysconfig/network-scripts/ifcfg-ens3
17:12:52,183 DBG ifcfg: IfcfFile.read /etc/sysconfig/network-scripts/ifcfg-ens3
17:12:52,184 DBG ifcfg: IfcfFile.read /etc/sysconfig/network-scripts/ifcfg-ens3
17:12:52,185 DBG ifcfg: IfcfFile.read /etc/sysconfig/network-scripts/ifcfg-ens3
17:12:52,185 DBG ifcfg: IfcfFile.read /etc/sysconfig/network-scripts/ifcfg-ens3
17:12:52,186 DBG ifcfg: IfcfgFile.set /etc/sysconfig/network-scripts/ifcfg-ens3: (('ONBOOT', 'yes'),)
17:12:52,186 DBG ifcfg: IfcfgFile.write /etc/sysconfig/network-scripts/ifcfg-ens3:
# Generated by dracut initrd
NAME="ens3"
DEVICE="ens3"
ONBOOT="yes"
NETBOOT="yes"
UUID="1dc3c9a6-9a91-49e1-8d72-f68b675b6338"
IPV6INIT="yes"
BOOTPROTO="dhcp"
TYPE="Ethernet"
PROXY_METHOD="none"
BROWSER_ONLY="no"
DEFROUTE="yes"
IPV4_FAILURE_FATAL="no"
IPV6_AUTOCONF="yes"
IPV6_DEFROUTE="yes"
IPV6_FAILURE_FATAL="no"

17:12:52,187 DBG ifcfg: content of files (real kickstart ONBOOT value set for devices ['ens3']):
17:12:52,187 DBG ifcfg: /etc/sysconfig/network-scripts/ifcfg-ens3:
17:12:52,188 DBG ifcfg:   # Generated by dracut initrd
17:12:52,188 DBG ifcfg:   NAME="ens3"
17:12:52,188 DBG ifcfg:   DEVICE="ens3"
17:12:52,188 DBG ifcfg:   ONBOOT="yes"
17:12:52,188 DBG ifcfg:   NETBOOT="yes"
17:12:52,188 DBG ifcfg:   UUID="1dc3c9a6-9a91-49e1-8d72-f68b675b6338"
17:12:52,189 DBG ifcfg:   IPV6INIT="yes"
17:12:52,189 DBG ifcfg:   BOOTPROTO="dhcp"
17:12:52,189 DBG ifcfg:   TYPE="Ethernet"
17:12:52,189 DBG ifcfg:   PROXY_METHOD="none"
17:12:52,189 DBG ifcfg:   BROWSER_ONLY="no"
17:12:52,189 DBG ifcfg:   DEFROUTE="yes"
17:12:52,189 DBG ifcfg:   IPV4_FAILURE_FATAL="no"
17:12:52,190 DBG ifcfg:   IPV6_AUTOCONF="yes"
17:12:52,190 DBG ifcfg:   IPV6_DEFROUTE="yes"
17:12:52,190 DBG ifcfg:   IPV6_FAILURE_FATAL="no"
17:12:52,194 DBG ifcfg: all settings: [{'connection': {'autoconnect': False, 'id': 'ens3', 'interface-name': 'ens3', 'permissions': [], 'timestamp': 1569604372, 'type': '802-3-ethernet', 'uuid': '1dc3c9a6-9a91-49e1-8d72-f68b675b6338'}, 'ipv4': {'address-data': [], 'addresses': [], 'dns': [], 'dns-search': [], 'method': 'auto', 'route-data': [], 'routes': []}, '802-3-ethernet': {'auto-negotiate': False, 'mac-address-blacklist': [], 's390-options': {}}, 'proxy': {}, 'ipv6': {'addr-gen-mode': 0, 'address-data': [], 'addresses': [], 'dns': [], 'dns-search': [], 'method': 'auto', 'route-data': [], 'routes': []}}]
