17:12:54,586 INF packaging: setting DNF platform id to: platform:el8
17:12:54,592 DBG packaging: Dnf configuration:
[main]
assumeno = 0
assumeyes = 0
autocheck_running_kernel = 1
bandwidth = 0
best = 1
bugtracker_url = https://bugzilla.redhat.com/enter_bug.cgi?product=Fedora&component=dnf
cachedir = /tmp/dnf.cache
cacheonly = 0
check_config_file_age = 1
clean_requirements_on_remove = 1
color = auto
color_list_available_downgrade = dim,cyan
color_list_available_install = normal
color_list_available_reinstall = bold,underline,green
color_list_available_upgrade = bold,blue
color_list_installed_extra = bold,red
color_list_installed_newer = bold,yellow
color_list_installed_older = bold
color_list_installed_reinstall = normal
color_search_match = bold
color_update_installed = normal
color_update_local = bold
color_update_remote = normal
config_file_path = /etc/dnf/dnf.conf
debug_solver = 0
debuglevel = 2
defaultyes = 0
deltarpm = 1
deltarpm_percentage = 75
disable_excludes = []
diskspacecheck = 1
enabled = 1
enablegroups = 1
errorlevel = 3
exclude = []
excludepkgs = []
exit_on_lock = 0
fastestmirror = 0
gpgcheck = 0
gpgkey_dns_verification = 0
group_package_types = [mandatory, default, conditional]
history_list_view = commands
history_record = 1
history_record_packages = [dnf, rpm]
ignorearch = 0
includepkgs = []
install_weak_deps = 0
installonly_limit = 3
installonlypkgs = [kernel, kernel-PAE, installonlypkg(kernel), installonlypkg(kernel-module), installonlypkg(vm), multiversion(kernel)]
installroot = /mnt/sysimage
ip_resolve = whatever
keepcache = 0
localpkg_gpgcheck = 0
logdir = /tmp/
max_parallel_downloads = 3
metadata_expire = 172800
metadata_timer_sync = 10800
minrate = 1000
module_platform_id = platform:el8
multilib_policy = best
obsoletes = 1
password = 
persistdir = /mnt/sysimage/var/lib/dnf
pluginconfpath = [/tmp/dnf.pluginconf]
pluginpath = [/usr/lib/python3.6/site-packages/dnf-plugins]
plugins = 1
protected_packages = [dnf, systemd, systemd-udev, dnf]
proxy = 
proxy_auth_method = any
recent = 7
repo_gpgcheck = 0
reposdir = [/etc/yum.repos.d, /etc/anaconda.repos.d, /tmp/updates/anaconda.repos.d, /tmp/product/anaconda.repos.d]
reset_nice = 1
retries = 10
rpmverbosity = info
showdupesfromrepos = 0
skip_broken = 0
sslcacert = 
sslclientcert = 
sslclientkey = 
sslverify = 1
strict = 1
system_cachedir = /var/cache/dnf
throttle = 0
timeout = 30
transformdb = 1
tsflags = []
upgrade_group_objects_upgrade = 1
username = 

17:12:56,575 INF packaging: configuring base repo
17:12:56,587 INF packaging: Trying to download '.treeinfo'
17:12:56,595 DBG packaging: Retrieved '.treeinfo' from http://mirror.centos.org/centos/8.0.1905/BaseOS/x86_64/kickstart/
17:12:56,599 DBG packaging: Treeinfo points base repository to http://mirror.centos.org/centos/8.0.1905/BaseOS/x86_64/kickstart/.
17:12:56,599 DBG packaging: releasever from http://mirror.centos.org/centos/8.0.1905/BaseOS/x86_64/kickstart/ is 8
17:12:56,600 INF packaging: added repo: 'anaconda' - http://mirror.centos.org/centos/8.0.1905/BaseOS/x86_64/kickstart/
17:12:56,614 DBG dnf: repo: downloading from remote: anaconda
17:12:56,664 INF packaging: enabled repo: '' - ['http://mirror.centos.org/centos/8.0.1905/BaseOS/x86_64/kickstart/'] and got repomd
17:12:56,665 DBG packaging: repo koji-override-0: mirrorlist None, baseurl http://mirror.centos.org/centos/8.0.1905/BaseOS/x86_64/kickstart, metalink False
17:12:56,665 INF packaging: added repo: 'koji-override-0' - http://mirror.centos.org/centos/8.0.1905/BaseOS/x86_64/kickstart
17:12:56,665 DBG packaging: repo AppStream: mirrorlist None, baseurl http://mirror.centos.org/centos/8.0.1905/BaseOS/x86_64/kickstart/../../../AppStream/x86_64/kickstart/, metalink False
17:12:56,665 INF packaging: added repo: 'AppStream' - http://mirror.centos.org/centos/8.0.1905/BaseOS/x86_64/kickstart/../../../AppStream/x86_64/kickstart/
17:12:56,666 DBG dnf: repo: downloading from remote: koji-override-0
17:12:56,711 INF packaging: enabled repo: '' - ['http://mirror.centos.org/centos/8.0.1905/BaseOS/x86_64/kickstart'] and got repomd
17:12:56,712 DBG dnf: repo: downloading from remote: AppStream
17:12:56,813 INF packaging: enabled repo: '' - ['http://mirror.centos.org/centos/8.0.1905/BaseOS/x86_64/kickstart/../../../AppStream/x86_64/kickstart/'] and got repomd
17:12:56,814 DBG dnf: repo: using cache for: anaconda
17:12:56,814 DBG packaging: repo anaconda: _sync_metadata success from ['http://mirror.centos.org/centos/8.0.1905/BaseOS/x86_64/kickstart/']
17:12:56,814 DBG dnf: repo: using cache for: koji-override-0
17:12:56,814 DBG packaging: repo koji-override-0: _sync_metadata success from ['http://mirror.centos.org/centos/8.0.1905/BaseOS/x86_64/kickstart']
17:12:56,815 DBG dnf: repo: using cache for: AppStream
17:12:56,815 DBG packaging: repo AppStream: _sync_metadata success from ['http://mirror.centos.org/centos/8.0.1905/BaseOS/x86_64/kickstart/../../../AppStream/x86_64/kickstart/']
17:12:56,817 DBG dnf: repo: using cache for: anaconda
17:12:56,817 DBG dnf: not found other for: 
17:12:56,817 DBG dnf: not found modules for: 
17:12:56,818 DBG dnf: not found deltainfo for: 
17:12:56,818 DBG dnf: not found updateinfo for: 
17:12:57,997 DBG dnf: anaconda: using metadata from Thu 15 Aug 2019 09:51:40 PM UTC.
17:12:57,997 DBG dnf: repo: using cache for: koji-override-0
17:12:57,997 DBG dnf: not found other for: 
17:12:57,997 DBG dnf: not found modules for: 
17:12:57,998 DBG dnf: not found deltainfo for: 
17:12:57,998 DBG dnf: not found updateinfo for: 
17:12:58,651 DBG dnf: koji-override-0: using metadata from Thu 15 Aug 2019 09:51:40 PM UTC.
17:12:58,652 DBG dnf: repo: using cache for: AppStream
17:12:58,652 DBG dnf: not found other for: 
17:12:58,652 DBG dnf: not found deltainfo for: 
17:12:58,652 DBG dnf: not found updateinfo for: 
17:12:59,896 DBG dnf: AppStream: using metadata from Thu 15 Aug 2019 09:51:33 PM UTC.
17:12:59,896 INF dnf: Last metadata expiration check: 0:00:01 ago on Fri 27 Sep 2019 05:12:56 PM UTC.
17:13:00,407 Level 8 dnf: timer: sack setup: 3591 ms
17:13:00,408 Level 8 dnf: Getting group metadata
17:13:00,408 Level 8 dnf: Adding group file from repository: anaconda
17:13:00,451 Level 8 dnf: Adding group file from repository: koji-override-0
17:13:00,500 Level 8 dnf: Adding group file from repository: AppStream
17:13:00,549 Level 8 dnf: timer: loading comps: 141 ms
17:13:00,679 INF packaging: Failed to parse proxy for test if repo available : No host url
17:13:00,687 INF packaging: Failed to parse proxy for test if repo available : No host url
17:13:00,692 INF packaging: Failed to parse proxy for test if repo available : No host url
17:13:01,361 DBG packaging: Input mount points: {'/dev': Size (1.89373016357421875 GiB), '/dev/shm': Size (1.92411041259765625 GiB), '/run': Size (1.874790191650390625 GiB), '/sys/fs/cgroup': Size (1.924114227294921875 GiB), '/': Size (1.129993438720703125 GiB), '/tmp': Size (1.89841461181640625 GiB), '/mnt/sysimage': Size (8.49916992150247097015380859375 GiB)}
17:13:01,362 INF packaging: Estimated size: download 0 B & install 2.79 GiB
17:13:01,362 INF packaging: Sufficient mountpoints found: {'/': Size (1.129993438720703125 GiB), '/tmp': Size (1.89841461181640625 GiB), '/mnt/sysimage': Size (8.49916992150247097015380859375 GiB)}
17:13:01,362 DBG packaging: Install + download space required 2.79 GiB
17:13:01,383 DBG packaging: Input mount points: {'/dev': Size (1.89373016357421875 GiB), '/dev/shm': Size (1.92411041259765625 GiB), '/run': Size (1.874790191650390625 GiB), '/sys/fs/cgroup': Size (1.924114227294921875 GiB), '/': Size (1.129993438720703125 GiB), '/tmp': Size (1.89841461181640625 GiB), '/mnt/sysimage': Size (8.49916992150247097015380859375 GiB)}
17:13:01,383 INF packaging: Estimated size: download 0 B & install 2.79 GiB
17:13:01,384 INF packaging: Sufficient mountpoints found: {'/': Size (1.129993438720703125 GiB), '/tmp': Size (1.89841461181640625 GiB), '/mnt/sysimage': Size (8.49916992150247097015380859375 GiB)}
17:13:01,384 DBG packaging: Install + download space required 2.79 GiB
17:13:01,403 DBG packaging: Input mount points: {'/dev': Size (1.89373016357421875 GiB), '/dev/shm': Size (1.92411041259765625 GiB), '/run': Size (1.874790191650390625 GiB), '/sys/fs/cgroup': Size (1.924114227294921875 GiB), '/': Size (1.129993438720703125 GiB), '/tmp': Size (1.89841461181640625 GiB), '/mnt/sysimage': Size (8.49916992150247097015380859375 GiB)}
17:13:01,404 INF packaging: Estimated size: download 0 B & install 2.79 GiB
17:13:01,404 INF packaging: Sufficient mountpoints found: {'/': Size (1.129993438720703125 GiB), '/tmp': Size (1.89841461181640625 GiB), '/mnt/sysimage': Size (8.49916992150247097015380859375 GiB)}
17:13:01,404 DBG packaging: Install + download space required 2.79 GiB
17:13:03,076 DBG packaging: Input mount points: {'/dev': Size (1.89373016357421875 GiB), '/dev/shm': Size (1.92411041259765625 GiB), '/run': Size (1.87479400634765625 GiB), '/sys/fs/cgroup': Size (1.924114227294921875 GiB), '/': Size (1.129993438720703125 GiB), '/tmp': Size (1.898406982421875 GiB), '/mnt/sysimage': Size (8.49916992150247097015380859375 GiB)}
17:13:03,076 INF packaging: Estimated size: download 0 B & install 2.79 GiB
17:13:03,077 INF packaging: Sufficient mountpoints found: {'/': Size (1.129993438720703125 GiB), '/tmp': Size (1.898406982421875 GiB), '/mnt/sysimage': Size (8.49916992150247097015380859375 GiB)}
17:13:03,077 DBG packaging: Install + download space required 2.79 GiB
17:13:06,411 INF packaging: checking software selection
17:13:06,412 DBG packaging: enabling modules: []
17:13:06,541 CRT dnf: Detection of Platform Module failed: Cannot open file: /mnt/sysimage/etc/os-release
17:13:06,585 DBG packaging: applying DNF package/group/module selection
17:13:06,586 INF packaging: skipping core group due to %%packages --nocore; system may not be complete
17:13:06,586 INF packaging: excluded package: 'brotli'
17:13:06,586 INF packaging: excluded package: 'dosfstools'
17:13:06,586 INF packaging: excluded package: 'e2fsprogs'
17:13:06,586 INF packaging: excluded package: 'firewalld'
17:13:06,586 INF packaging: excluded package: 'fuse-libs'
17:13:06,587 INF packaging: excluded package: 'gettext*'
17:13:06,587 INF packaging: excluded package: 'gnupg2-smime'
17:13:06,587 INF packaging: excluded package: 'grub\*'
17:13:06,587 INF packaging: excluded package: 'iptables'
17:13:06,587 INF packaging: excluded package: 'kernel'
17:13:06,587 INF packaging: excluded package: 'libss'
17:13:06,587 INF packaging: excluded package: 'os-prober*'
17:13:06,588 INF packaging: excluded package: 'pinentry'
17:13:06,588 INF packaging: excluded package: 'qemu-guest-agent'
17:13:06,588 INF packaging: excluded package: 'shared-mime-info'
17:13:06,588 INF packaging: excluded package: 'trousers'
17:13:06,588 INF packaging: excluded package: 'xfsprogs'
17:13:06,588 INF packaging: excluded package: 'xkeyboard-config'
17:13:06,588 INF packaging: selected package: 'bash'
17:13:06,588 INF packaging: selected package: 'binutils'
17:13:06,589 INF packaging: selected package: 'centos-release'
17:13:06,589 INF packaging: selected package: 'coreutils-single'
17:13:06,589 INF packaging: selected package: 'glibc-minimal-langpack'
17:13:06,589 INF packaging: selected package: 'hostname'
17:13:06,589 INF packaging: selected package: 'iputils'
17:13:06,589 INF packaging: selected package: 'less'
17:13:06,589 INF packaging: selected package: 'rootfiles'
17:13:06,590 INF packaging: selected package: 'tar'
17:13:06,590 INF packaging: selected package: 'vim-minimal'
17:13:06,590 INF packaging: selected package: 'yum'
17:13:06,590 INF packaging: selected package: 'kexec-tools'
17:13:06,590 ERR packaging: kernel: failed to select a kernel from []
17:13:06,590 DBG packaging: selected package: e2fsprogs, requirement for ['storage'] IGNORED because excluded
17:13:06,591 DBG packaging: selected package: firewalld, requirement for ['firewall'] IGNORED because excluded
17:13:06,591 DBG packaging: selected package: langpacks-en, requirement for ['langpacks'] 
17:13:06,591 DBG packaging: selected group: platform-kvm, requirement for ['platform']
17:13:06,591 DBG packaging: transaction include list
17:13:06,591 DBG packaging: ['bash', 'binutils', 'centos-release', 'coreutils-single', 'glibc-minimal-langpack', 'hostname', 'iputils', 'less', 'rootfiles', 'tar', 'vim-minimal', 'yum', 'kexec-tools', '@platform-kvm', 'langpacks-en']
17:13:06,591 DBG packaging: transaction exclude list
17:13:06,592 DBG packaging: ['@core', 'brotli', 'dosfstools', 'e2fsprogs', 'firewalld', 'fuse-libs', 'gettext*', 'gnupg2-smime', 'grub\\*', 'iptables', 'kernel', 'libss', 'os-prober*', 'pinentry', 'qemu-guest-agent', 'shared-mime-info', 'trousers', 'xfsprogs', 'xkeyboard-config']
17:13:06,725 CRT dnf: Detection of Platform Module failed: Cannot open file: /mnt/sysimage/etc/os-release
17:13:06,771 Level 8 dnf: Getting group metadata
17:13:06,772 Level 8 dnf: Adding group file from repository: anaconda
17:13:06,789 Level 8 dnf: Adding group file from repository: koji-override-0
17:13:06,816 Level 8 dnf: Adding group file from repository: AppStream
17:13:06,860 Level 8 dnf: timer: loading comps: 95 ms
17:13:06,920 DBG dnf: Adding packages from group 'platform-kvm': {<libcomps.Package object 'qemu-guest-agent' at 0x7f9bb7c6ff30>}
17:13:06,921 WRN dnf: No match for group package "qemu-guest-agent"
17:13:06,936 Level 8 dnf: timer: depsolve: 14 ms
17:13:06,940 INF packaging: checking dependencies: success
17:13:06,969 DBG packaging: Size from DNF: 255.81 MiB
17:13:06,969 DBG packaging: Bonus size 185.63 MiB by number of files 31680
17:13:06,969 DBG packaging: Total size required 485.58 MiB
17:13:06,983 DBG packaging: Input mount points: {'/dev': Size (1.89373016357421875 GiB), '/dev/shm': Size (1.92411041259765625 GiB), '/run': Size (1.874790191650390625 GiB), '/sys/fs/cgroup': Size (1.924114227294921875 GiB), '/': Size (1.129955291748046875 GiB), '/tmp': Size (1.89836883544921875 GiB), '/mnt/sysimage': Size (9.2286224365234375 GiB), '/mnt/sysimage/dev/shm': Size (1.924114227294921875 GiB)}
17:13:06,984 INF packaging: Estimated size: download 214.74 MiB & install 485.58 MiB
17:13:06,984 INF packaging: Sufficient mountpoints found: {'/': Size (1.129955291748046875 GiB), '/tmp': Size (1.89836883544921875 GiB), '/mnt/sysimage': Size (9.2286224365234375 GiB)}
17:13:06,985 DBG packaging: Install + download space required 700.32 MiB
17:13:06,985 INF packaging: 174 packages selected totalling 700.32 MiB
17:13:07,017 DBG packaging: Size from DNF: 255.81 MiB
17:13:07,017 DBG packaging: Bonus size 185.63 MiB by number of files 31680
17:13:07,017 DBG packaging: Total size required 485.58 MiB
17:13:07,027 DBG packaging: Input mount points: {'/dev': Size (1.89373016357421875 GiB), '/dev/shm': Size (1.92411041259765625 GiB), '/run': Size (1.874790191650390625 GiB), '/sys/fs/cgroup': Size (1.924114227294921875 GiB), '/': Size (1.129955291748046875 GiB), '/tmp': Size (1.89836883544921875 GiB), '/mnt/sysimage': Size (9.2286224365234375 GiB), '/mnt/sysimage/dev/shm': Size (1.924114227294921875 GiB)}
17:13:07,027 INF packaging: Estimated size: download 214.74 MiB & install 485.58 MiB
17:13:07,028 INF packaging: Sufficient mountpoints found: {'/': Size (1.129955291748046875 GiB), '/tmp': Size (1.89836883544921875 GiB), '/mnt/sysimage': Size (9.2286224365234375 GiB)}
17:13:07,028 INF packaging: Mountpoint /tmp picked as download location
17:13:07,032 INF packaging: Downloading packages to /tmp/dnf.package.cache.
17:13:07,945 INF packaging: Downloading packages finished.
17:13:07,977 INF dnf: Running transaction check
17:13:08,080 INF dnf: Transaction check succeeded.
17:13:08,080 INF dnf: Running transaction test
17:13:09,324 INF dnf: Transaction test succeeded.
17:13:09,324 Level 8 dnf: timer: transaction test: 1244 ms
17:13:09,324 INF dnf: Running transaction
17:13:09,325 DBG dnf: RPMDB altered outside of DNF.
17:13:10,102 Level 8 dnf: RPM transaction start.
17:13:10,919 INF packaging: Configuring (running scriptlet for): filesystem-3.8-2.el8.x86_64 1557534820 351293e23886ba1e3de8790141f616b3152692c48924ccb61d96bf7ff3ca9aee
17:13:11,245 INF packaging: Installed: libgcc-8.2.1-3.5.el8.x86_64 1557770250 79d6601401b90ba921486681aa2c3491159aaf11a2a029a49fdeb23670276b2e
17:13:11,262 INF packaging: Configuring (running scriptlet for): libgcc-8.2.1-3.5.el8.x86_64 1557770250 79d6601401b90ba921486681aa2c3491159aaf11a2a029a49fdeb23670276b2e
17:13:11,268 INF packaging: Installed: tzdata-2019a-1.el8.noarch 1557536591 3ad815b825d0cdcd3d3b045e28fac7e4361ab171530e4b946f8118695e25bdd6
17:13:11,879 INF packaging: Installed: pkgconf-m4-1.4.2-1.el8.noarch 1557535856 56187f25e8ae7c2a5ce228d13c6e93b9c6a701960d61dff8ad720a8879b6059e
17:13:11,884 INF packaging: Installed: ncurses-base-6.1-7.20180224.el8.noarch 1557535702 1dfed63c2b675064c87d3e95c433a1c4515b24c28a7815e643e6f3d84814e79d
17:13:11,960 INF packaging: Installed: libreport-filesystem-2.9.5-6.el8.x86_64 1565448042 290105b04220d71dbcb9fefb08640ff8fd97fa6dbcd33ed4295d54697ecdde8d
17:13:11,964 INF packaging: Installed: dnf-data-4.0.9.2-5.el8.noarch 1557776113 867e07f12852bd600ff96105b9fabcf3a1a308906a134b21d62b323cc37dedb3
17:13:11,975 INF packaging: Installed: dhcp-common-12:4.3.6-30.el8.noarch 1557581085 28b2593b66cf15dd0fb0507ea6d135efb4a769e5a492ae867d941ad5392b2f2e
17:13:11,987 INF packaging: Installed: dbus-common-1:1.12.8-7.el8.noarch 1557580919 c19e035054a81921ba2fd3657e77719f4b06ce640d398707e0027b1fad45ab39
17:13:11,993 INF packaging: Installed: centos-release-8.0-0.1905.0.9.el8.x86_64 1565764949 c7ab69441ccd5f851e6b5289f4c5409c6cf7786a0a1d6d9ee95d87e7dc4252c9
17:13:12,006 INF packaging: Installed: setup-2.12.2-1.el8.noarch 1557589013 4051388963de041f8de595be496e92d23acafe11d5dcee7b9c44b086ac4c2307
17:13:12,032 INF packaging: Configuring (running scriptlet for): setup-2.12.2-1.el8.noarch 1557589013 4051388963de041f8de595be496e92d23acafe11d5dcee7b9c44b086ac4c2307
17:13:12,049 INF packaging: Installed: filesystem-3.8-2.el8.x86_64 1557534820 351293e23886ba1e3de8790141f616b3152692c48924ccb61d96bf7ff3ca9aee
17:13:12,248 INF packaging: Installed: basesystem-11-5.el8.noarch 1557533944 48226934763e4c412c1eb65df314e6879720b4b1ebcb3d07c126c9526639cb68
17:13:12,250 INF packaging: Installed: pcre2-10.32-1.el8.x86_64 1557540052 bb081744c54f31862e62485e08608ab021c15ab9fe0c5e16fe0980830e01cb4c
17:13:12,279 INF packaging: Installed: libselinux-2.8-6.el8.x86_64 1557538278 bb59edd51bf9288613186ffbd5476df63066266416b1d74e1d87fcce5b4bda66
17:13:12,293 INF packaging: Installed: ncurses-libs-6.1-7.20180224.el8.x86_64 1557539552 440ef0473d6f85c6f173020dab18d376d466b7b960876fba54772f88d4bfe050
17:13:12,340 INF packaging: Installed: glibc-minimal-langpack-2.28-42.el8.1.x86_64 1557767660 2b4131d63d00ba37a6c2fe8f61c5f430ccf735ba613de324c259a6957e2057a5
17:13:12,341 INF packaging: Installed: glibc-common-2.28-42.el8.1.x86_64 1557767660 765f360acaefffb5cf060394997cd4a58db489e502458a6d2c36f3894180f405
17:13:12,467 INF packaging: Configuring (running scriptlet for): glibc-2.28-42.el8.1.x86_64 1557767660 26781a64658f39f0c4e3281487fc5162d7e70ef32025d23d9fcef05f9bda24df
17:13:12,468 INF packaging: Installed: glibc-2.28-42.el8.1.x86_64 1557767660 26781a64658f39f0c4e3281487fc5162d7e70ef32025d23d9fcef05f9bda24df
17:13:13,129 INF packaging: Configuring (running scriptlet for): glibc-2.28-42.el8.1.x86_64 1557767660 26781a64658f39f0c4e3281487fc5162d7e70ef32025d23d9fcef05f9bda24df
17:13:13,369 INF packaging: Installed: bash-4.4.19-7.el8.x86_64 1557534622 249d1c680549db3d11c4b3f95de2dd8e2773745d24dbca9c5d6ee781b01fb78e
17:13:13,521 INF packaging: Configuring (running scriptlet for): bash-4.4.19-7.el8.x86_64 1557534622 249d1c680549db3d11c4b3f95de2dd8e2773745d24dbca9c5d6ee781b01fb78e
17:13:13,523 INF packaging: Installed: libsepol-2.8-2.el8.x86_64 1557538336 fe6ebd0127e226d1dc59ff047a76c01580c03107407b80910348d4b059c72639
17:13:13,558 INF packaging: Configuring (running scriptlet for): libsepol-2.8-2.el8.x86_64 1557538336 fe6ebd0127e226d1dc59ff047a76c01580c03107407b80910348d4b059c72639
17:13:13,586 INF packaging: Installed: zlib-1.2.11-10.el8.x86_64 1557541132 e1b74a2cb4b4e0f536babb782c607898d5e9b16b1d3c2c9cd5eb8918af708778
17:13:13,598 INF packaging: Installed: xz-libs-5.2.4-3.el8.x86_64 1557541139 61553db2c5d1da168da53ec285de14d00ce91bb02dd902a1688725cf37a7b1a2
17:13:13,610 INF packaging: Installed: bzip2-libs-1.0.6-26.el8.x86_64 1557535203 19d66d152b745dbd49cea9d21c52aec0ec4d4321edef97a342acd3542404fa31
17:13:13,617 INF packaging: Installed: libcap-2.25-9.el8.x86_64 1557584817 d645d4d28f6cbcd5b87d224d1b0dfa4a9a99c50d0e226969e387b99d4cb2afaf
17:13:13,629 INF packaging: Installed: info-6.5-4.el8.x86_64 1557540611 8d41c1a7a08d57fa3116d3a3c59c5c7a928dc6191da8974c092132f45a1b4c20
17:13:13,652 INF packaging: Installed: libgpg-error-1.31-1.el8.x86_64 1557538013 845a0732d9d7a01b909124cd8293204764235c2d856227c7a74dfa0e38113e34
17:13:13,681 INF packaging: Installed: elfutils-libelf-0.174-6.el8.x86_64 1557536737 18960cc757bf565bdabefee8aa0098a12eb5d12b2b50cb9d153641033c3080fa
17:13:13,704 INF packaging: Installed: libcom_err-1.44.3-2.el8.x86_64 1557535628 ff9fe3ec55cec5552317b543cc2053ff2e50f7df778eb7fe49ec950a25f52caa
17:13:13,713 INF packaging: Configuring (running scriptlet for): libcom_err-1.44.3-2.el8.x86_64 1557535628 ff9fe3ec55cec5552317b543cc2053ff2e50f7df778eb7fe49ec950a25f52caa
17:13:13,732 INF packaging: Installed: libxcrypt-4.1.1-4.el8.x86_64 1557538798 607344bcb45159a85fe83b691103e321e4169847abf197db6f3a8b223f6ba54d
17:13:13,746 INF packaging: Installed: libxml2-2.9.7-5.el8.x86_64 1557538954 b4272779ec0178289c1ba949959a86b10e7a8525d66ab7c8df8e1d2b4efcc4f4
17:13:13,817 INF packaging: Installed: sqlite-libs-3.26.0-3.el8.x86_64 1557540798 0e8309b62391bc87a867c786d90e35dad6041b959a07fc3a259dc8f024a387ca
17:13:13,871 INF packaging: Installed: expat-2.2.5-3.el8.x86_64 1557536732 dfe199dc03a6d4122bb5085bc3282777735ec4cfa4bd5e9ee372dcc4cf09b525
17:13:13,885 INF packaging: Installed: libstdc++-8.2.1-3.5.el8.x86_64 1557770250 42c37ffdef82e9a5b32ddd406056e3e6e45f4e7e3b3c303cc66583ab96cf08e7
17:13:13,952 INF packaging: Configuring (running scriptlet for): libstdc++-8.2.1-3.5.el8.x86_64 1557770250 42c37ffdef82e9a5b32ddd406056e3e6e45f4e7e3b3c303cc66583ab96cf08e7
17:13:13,985 INF packaging: Installed: libuuid-2.32.1-8.el8.x86_64 1557540977 f2d35763ca112ed7d390a92705c481c4e99292ab941aff69949ee4e007d9ab4c
17:13:13,995 INF packaging: Configuring (running scriptlet for): libuuid-2.32.1-8.el8.x86_64 1557540977 f2d35763ca112ed7d390a92705c481c4e99292ab941aff69949ee4e007d9ab4c
17:13:14,008 INF packaging: Installed: popt-1.16-14.el8.x86_64 1557540167 2f0cdb6874b7b8c1f86749ffc7f0fe90038dacd3859adea611fc685e234f992e
17:13:14,018 INF packaging: Installed: chkconfig-1.11-1.el8.x86_64 1557533964 69bdf0e650a4a1dde5e7f217be7f082d10d14e2692859805b7732cb3daf02a9d
17:13:14,045 INF packaging: Installed: readline-7.0-10.el8.x86_64 1557540187 fea868a7d82a7b6f392260ed4afb472dc4428fd71eab1456319f423a845b5084
17:13:14,066 INF packaging: Configuring (running scriptlet for): readline-7.0-10.el8.x86_64 1557540187 fea868a7d82a7b6f392260ed4afb472dc4428fd71eab1456319f423a845b5084
17:13:14,089 INF packaging: Installed: gmp-1:6.1.2-8.el8.x86_64 1557537265 0fdf53d9db842da9999d714ed8bb84aea2a982dae73445f836bad8454137956a
17:13:14,131 INF packaging: Configuring (running scriptlet for): gmp-1:6.1.2-8.el8.x86_64 1557537265 0fdf53d9db842da9999d714ed8bb84aea2a982dae73445f836bad8454137956a
17:13:14,144 INF packaging: Installed: json-c-0.13.1-0.2.el8.x86_64 1557584691 2cc5d8593583fa7d474dd6beef46e229a06a50ff5c132040a188fb573eec0a95
17:13:14,153 INF packaging: Installed: libattr-2.4.48-3.el8.x86_64 1557533865 a02e1344ccde1747501ceeeff37df4f18149fb79b435aa22add08cff6bab3a5a
17:13:14,157 INF packaging: Installed: libacl-2.2.53-1.el8.x86_64 1557533834 4973664648b7ed9278bf29074ec6a60a9f660aa97c23a283750483f64429d5bb
17:13:14,164 INF packaging: Installed: coreutils-single-8.30-6.el8.x86_64 1557590922 b8659e9fa460b21d7ef02730f5d55fe4a8bf8a86f6dd5b220034643154a70c79
17:13:14,267 INF packaging: Installed: sed-4.5-1.el8.x86_64 1557540287 1d183613170389194490f3bcafac482267b8d4e4c93118cb46f41bba5d9bfa42
17:13:14,295 INF packaging: Configuring (running scriptlet for): sed-4.5-1.el8.x86_64 1557540287 1d183613170389194490f3bcafac482267b8d4e4c93118cb46f41bba5d9bfa42
17:13:14,309 INF packaging: Installed: libblkid-2.32.1-8.el8.x86_64 1557540977 d1deaa42db95f6a59db98f09f83ddf3c33c0a601375b1d0971656b07f108d58f
17:13:14,327 INF packaging: Configuring (running scriptlet for): libblkid-2.32.1-8.el8.x86_64 1557540977 d1deaa42db95f6a59db98f09f83ddf3c33c0a601375b1d0971656b07f108d58f
17:13:14,357 INF packaging: Installed: libmount-2.32.1-8.el8.x86_64 1557540977 912823495cf844753cb4d84a03598ed4a8484ddfec0971b73a9f50fd46159ce4
17:13:14,382 INF packaging: Configuring (running scriptlet for): libmount-2.32.1-8.el8.x86_64 1557540977 912823495cf844753cb4d84a03598ed4a8484ddfec0971b73a9f50fd46159ce4
17:13:14,395 INF packaging: Installed: libcap-ng-0.7.9-4.el8.x86_64 1557537913 f40aebc317f2da3dddc7cb18e7b0a0d557bf90736d1e1170edf194f49d045415
17:13:14,402 INF packaging: Installed: audit-libs-3.0-0.10.20180831git0047a6c.el8.x86_64 1557534186 11329dabc81fd47d25aef6022949e1cf1e5973aeea54f437647bafa7d4cfc242
17:13:14,419 INF packaging: Installed: libffi-3.1-18.el8.x86_64 1557537946 335abfb06e4df85b8325bffbc0d6fc6565f243480077b2205f97fb021aa0733a
17:13:14,425 INF packaging: Installed: libsmartcols-2.32.1-8.el8.x86_64 1557540977 787af02f442b5eedb8f4b5a5a70524ae2dfaabce00cb229f8f194df7db8b30f2
17:13:14,442 INF packaging: Configuring (running scriptlet for): libsmartcols-2.32.1-8.el8.x86_64 1557540977 787af02f442b5eedb8f4b5a5a70524ae2dfaabce00cb229f8f194df7db8b30f2
17:13:14,460 INF packaging: Installed: lua-libs-5.3.4-10.el8.x86_64 1557539016 8c101c3e30e4634cbee94e66e95d6d975f6decc6146ff17abe8d348b9c837fd3
17:13:14,474 INF packaging: Installed: lz4-libs-1.8.1.2-4.el8.x86_64 1557539185 e557dd4b8e4892c224f8a8a8a7443a80c8bcf574069884b639bd6752762e8c8c
17:13:14,481 INF packaging: Installed: p11-kit-0.23.14-4.el8.x86_64 1558472121 62bea6aa7ca4dd42fcb540347a448031848a6d5de1615b8531dd22fbb1a01b18
17:13:14,526 INF packaging: Configuring (running scriptlet for): p11-kit-0.23.14-4.el8.x86_64 1558472121 62bea6aa7ca4dd42fcb540347a448031848a6d5de1615b8531dd22fbb1a01b18
17:13:14,543 INF packaging: Installed: libgcrypt-1.8.3-2.el8.x86_64 1557538060 3f92307accbe42d08f6af11636131894a1a4617bad5c20d8203485a9a0c3cc8c
17:13:14,599 INF packaging: Configuring (running scriptlet for): libgcrypt-1.8.3-2.el8.x86_64 1557538060 3f92307accbe42d08f6af11636131894a1a4617bad5c20d8203485a9a0c3cc8c
17:13:14,611 INF packaging: Installed: gzip-1.9-4.el8.x86_64 1557537486 2e6d69e9447d23d99ce47ef0c469a5f3ec0a2d9a19810b31fa6abb13ec5db040
17:13:14,635 INF packaging: Configuring (running scriptlet for): gzip-1.9-4.el8.x86_64 1557537486 2e6d69e9447d23d99ce47ef0c469a5f3ec0a2d9a19810b31fa6abb13ec5db040
17:13:14,647 INF packaging: Installed: cracklib-2.9.6-15.el8.x86_64 1557533913 dbbc9e20caabc30070354d91f61f383081f6d658e09d3c09e6df8764559e5aca
17:13:14,664 INF packaging: Installed: libassuan-2.5.1-3.el8.x86_64 1557537853 b49e8c674e462e3f494e825c5fca64002008cbf7a47bf131aa98b7f41678a6eb
17:13:14,675 INF packaging: Installed: libunistring-0.9.9-3.el8.x86_64 1557538610 20bb189228afa589141d9c9d4ed457729d13c11608305387602d0b00ed0a3093
17:13:14,731 INF packaging: Installed: libidn2-2.0.5-1.el8.x86_64 1557538087 0f73bc164e1971f8e89b22ca02b7f39f0ea734ca4aa5e17f5b2b3bf73d913679
17:13:14,748 INF packaging: Configuring (running scriptlet for): libidn2-2.0.5-1.el8.x86_64 1557538087 0f73bc164e1971f8e89b22ca02b7f39f0ea734ca4aa5e17f5b2b3bf73d913679
17:13:14,773 INF packaging: Installed: file-libs-5.33-8.el8.x86_64 1557536878 fceec2421c96dbaab6e2678ab5dd6d6b1ce2ffc6e4e264054770fed510fd31d5
17:13:14,886 INF packaging: Installed: gdbm-libs-1:1.18-1.el8.x86_64 1557537017 3a3cb5a11f8e844cd1bf7c0e7bb6c12cc63e743029df50916ce7e6a9f8a4e169
17:13:14,896 INF packaging: Installed: keyutils-libs-1.5.10-6.el8.x86_64 1557537594 ae82944445464108e4932d18d4f915cc5e0b4763feb7337b2db7a3fdb77839e3
17:13:14,901 INF packaging: Installed: libtasn1-4.13-3.el8.x86_64 1557538463 e8d9697a8914226a2d3ed5a4523b85e8e70ac09cf90aae05395e6faee9858534
17:13:14,915 INF packaging: Configuring (running scriptlet for): libtasn1-4.13-3.el8.x86_64 1557538463 e8d9697a8914226a2d3ed5a4523b85e8e70ac09cf90aae05395e6faee9858534
17:13:14,929 INF packaging: Installed: p11-kit-trust-0.23.14-4.el8.x86_64 1558472121 b458536809f6870e3d741836fdb927a54eed0bbc1cbd06cdcb30d40266461c85
17:13:14,949 INF packaging: Configuring (running scriptlet for): p11-kit-trust-0.23.14-4.el8.x86_64 1558472121 b458536809f6870e3d741836fdb927a54eed0bbc1cbd06cdcb30d40266461c85
17:13:14,963 INF packaging: Installed: lzo-2.08-14.el8.x86_64 1557586709 5c68635cb03533a38d4a42f6547c21a1d5f9952351bb01f3cf865d2621a6e634
17:13:14,975 INF packaging: Installed: pcre-8.42-4.el8.x86_64 1557587733 96a45c43313c3b063529bca7fce7220ac7653c4809c3c32154863693e553f935
17:13:14,999 INF packaging: Installed: grep-3.1-6.el8.x86_64 1557537409 3f8ffe48bb481a5db7cbe42bf73b839d872351811e5df41b2f6697c61a030487
17:13:15,027 INF packaging: Configuring (running scriptlet for): grep-3.1-6.el8.x86_64 1557537409 3f8ffe48bb481a5db7cbe42bf73b839d872351811e5df41b2f6697c61a030487
17:13:15,040 INF packaging: Installed: systemd-libs-239-13.el8.x86_64 1558622941 884ba05fe83b9b0ab196533c4ba26780a952cbc3500244c2bd316b0e6375db05
17:13:15,134 INF packaging: Configuring (running scriptlet for): systemd-libs-239-13.el8.x86_64 1558622941 884ba05fe83b9b0ab196533c4ba26780a952cbc3500244c2bd316b0e6375db05
17:13:15,154 INF packaging: Installed: glib2-2.56.4-1.el8.x86_64 1557534979 4f2089b2ac0e526916fdd1ba6f5dc722199fb6baa84f18186447b138421fcad8
17:13:15,442 INF packaging: Installed: crypto-policies-20181217-6.git9a35207.el8.noarch 1557534159 2da9c758e198863a3e3ae40fa0dca439ee28e02d794221d5451c7721c2d0c091
17:13:15,479 INF packaging: Configuring (running scriptlet for): crypto-policies-20181217-6.git9a35207.el8.noarch 1557534159 2da9c758e198863a3e3ae40fa0dca439ee28e02d794221d5451c7721c2d0c091
17:13:15,605 INF packaging: Installed: dbus-libs-1:1.12.8-7.el8.x86_64 1557582593 9e5cc3697b94936dd6145e682d15c9b5753cc8a138c05cfcfe1468842ef3e836
17:13:15,627 INF packaging: Configuring (running scriptlet for): dbus-libs-1:1.12.8-7.el8.x86_64 1557582593 9e5cc3697b94936dd6145e682d15c9b5753cc8a138c05cfcfe1468842ef3e836
17:13:15,701 INF packaging: Configuring (running scriptlet for): ca-certificates-2018.2.24-6.el8.noarch 1557534020 704e1d9d7efed18279b3ba1c138e5a09535dfd5e3b1ee50927df28bd771b2292
17:13:15,702 INF packaging: Installed: ca-certificates-2018.2.24-6.el8.noarch 1557534020 704e1d9d7efed18279b3ba1c138e5a09535dfd5e3b1ee50927df28bd771b2292
17:13:15,754 INF packaging: Configuring (running scriptlet for): ca-certificates-2018.2.24-6.el8.noarch 1557534020 704e1d9d7efed18279b3ba1c138e5a09535dfd5e3b1ee50927df28bd771b2292
17:13:16,139 INF packaging: Installed: openssl-libs-1:1.1.1-8.el8.x86_64 1557539967 06af70f1398b419ae433e5f9f563b6975f41828adf99491c09a3572358183c24
17:13:16,290 INF packaging: Configuring (running scriptlet for): openssl-libs-1:1.1.1-8.el8.x86_64 1557539967 06af70f1398b419ae433e5f9f563b6975f41828adf99491c09a3572358183c24
17:13:16,350 INF packaging: Installed: libdb-5.3.28-36.el8.x86_64 1557873861 6d4b4ae587651234fc0cb5e28c5c683d770526863f89a470c3cf7ba649a49177
17:13:16,433 INF packaging: Configuring (running scriptlet for): libdb-5.3.28-36.el8.x86_64 1557873861 6d4b4ae587651234fc0cb5e28c5c683d770526863f89a470c3cf7ba649a49177
17:13:16,452 INF packaging: Installed: kmod-libs-25-11.el8.x86_64 1558621721 10de414f9cfbe97ce028fdb36cdcbb942fd8a8f77dde2ff9167f7c5bf9ba5645
17:13:16,467 INF packaging: Configuring (running scriptlet for): kmod-libs-25-11.el8.x86_64 1558621721 10de414f9cfbe97ce028fdb36cdcbb942fd8a8f77dde2ff9167f7c5bf9ba5645
17:13:16,480 INF packaging: Installed: ima-evm-utils-1.1-4.el8.x86_64 1557537582 538a8eb87a57c25d473f448c3969d3cf25a99e69c639981b063430f1d6de4d9b
17:13:16,490 INF packaging: Installed: kmod-25-11.el8.x86_64 1558621721 4d738d32339f0d4cf3ee10fa138c7bc1dcfe9d653478d7369a2f0ce54049b058
17:13:16,509 INF packaging: Installed: libdb-utils-5.3.28-36.el8.x86_64 1557873861 fa8f525b4480d10b7db7573f2710c528bc7ea15bc28cbb2c36055d34b7271d22
17:13:16,535 INF packaging: Installed: libarchive-3.3.2-3.el8.x86_64 1557537801 c3c5d391151d8a66e16f83f05f4b91e1b7cd2c3c2baaceffd4496b9fa56f2bee
17:13:16,573 INF packaging: Installed: dbus-tools-1:1.12.8-7.el8.x86_64 1557582593 bbe82de3f55f7cbb6cfeeb1655c1d4d612a43fecf2389ee55d4e788ab219a2b9
17:13:16,584 INF packaging: Installed: dhcp-libs-12:4.3.6-30.el8.x86_64 1557582957 fcfd6dedf86a6af233f16459f9af8de263315585a4dfe729e14e08700a0df991
17:13:16,594 INF packaging: Installed: libusbx-1.0.22-1.el8.x86_64 1557538671 8ff5069483db979abf138129983c15bc145239823dcd31c0ac81aa84bbfb61e4
17:13:16,605 INF packaging: Installed: procps-ng-3.3.15-1.el8.x86_64 1557588468 dbe1e4e3555c073e6731c3d8acdf8bbe1b9bafcaa5ccd263a7405178add13a27
17:13:16,652 INF packaging: Installed: xz-5.2.4-3.el8.x86_64 1557541139 02f10beaf61212427e0cd57140d050948eea0b533cf432d7bc4c10266c8b33db
17:13:16,672 INF packaging: Installed: squashfs-tools-4.3-17.el8.x86_64 1557589591 b829412e47cd003583414e77e05560a5ec65a4006cb599a5dac3207d18bd348a
17:13:16,690 INF packaging: Installed: gdbm-1:1.18-1.el8.x86_64 1557537017 76d81e433a5291df491d2e289de9b33d4e5b98dcf48fd0a003c2767415d3e0aa
17:13:16,707 INF packaging: Installed: libsemanage-2.8-5.el8.x86_64 1557538312 1cc512cd478a5ad7775a781a953c0e8538725164365e1292dc905155d1be8e1b
17:13:16,724 INF packaging: Installed: shadow-utils-2:4.6-7.el8.x86_64 1557540362 60cde9a11cfe923b47f19d422e3b5907668cfdfbdd440ce2c11dbf5c439e12f9
17:13:16,867 INF packaging: Configuring (running scriptlet for): dbus-daemon-1:1.12.8-7.el8.x86_64 1557582593 ab76c0a34bfe2d6c01434f6324b0dc4ee8e9c79d6127c5794706ac880f53f733
17:13:16,925 INF packaging: Installed: dbus-daemon-1:1.12.8-7.el8.x86_64 1557582593 ab76c0a34bfe2d6c01434f6324b0dc4ee8e9c79d6127c5794706ac880f53f733
17:13:16,962 INF packaging: Configuring (running scriptlet for): dbus-daemon-1:1.12.8-7.el8.x86_64 1557582593 ab76c0a34bfe2d6c01434f6324b0dc4ee8e9c79d6127c5794706ac880f53f733
17:13:16,971 INF packaging: Configuring (running scriptlet for): libutempter-1.1.6-14.el8.x86_64 1557538847 c8c54c56bff9ca416c3ba6bccac483fb66c81a53d93a19420088715018ed5169
17:13:17,009 INF packaging: Installed: libutempter-1.1.6-14.el8.x86_64 1557538847 c8c54c56bff9ca416c3ba6bccac483fb66c81a53d93a19420088715018ed5169
17:13:17,018 INF packaging: Installed: libfdisk-2.32.1-8.el8.x86_64 1557540977 dbc81c70b39016fa19c83783fc297b54c0e5f103917785ac389375468ba032ee
17:13:17,042 INF packaging: Configuring (running scriptlet for): libfdisk-2.32.1-8.el8.x86_64 1557540977 dbc81c70b39016fa19c83783fc297b54c0e5f103917785ac389375468ba032ee
17:13:17,056 INF packaging: Installed: acl-2.2.53-1.el8.x86_64 1557533834 227de6071cd3aeca7e10ad386beaf38737d081e06350d02208a3f6a2c9710385
17:13:17,069 INF packaging: Installed: mpfr-3.1.6-1.el8.x86_64 1557539247 e7f0c34f83c1ec2abb22951779e84d51e234c4ba0a05252e4ffd8917461891a5
17:13:17,097 INF packaging: Configuring (running scriptlet for): mpfr-3.1.6-1.el8.x86_64 1557539247 e7f0c34f83c1ec2abb22951779e84d51e234c4ba0a05252e4ffd8917461891a5
17:13:17,109 INF packaging: Installed: nettle-3.4.1-1.el8.x86_64 1557539328 5d84a3a0ec3c27b50e002c1c27fa97971bf706cf7493a7382d518c5cad657da1
17:13:17,148 INF packaging: Configuring (running scriptlet for): nettle-3.4.1-1.el8.x86_64 1557539328 5d84a3a0ec3c27b50e002c1c27fa97971bf706cf7493a7382d518c5cad657da1
17:13:17,163 INF packaging: Installed: gnutls-3.6.5-2.el8.x86_64 1557537533 6543de04d71e07b90d6562853d3f4d6b640dd1452f753b6aaaf75b4d4311f35a
17:13:17,259 INF packaging: Installed: snappy-1.1.7-5.el8.x86_64 1557589543 e78c64740cfa1837905fd5e4848d2bebc3c50149da76c979ecd8702f523dc902
17:13:17,264 INF packaging: Installed: libcomps-0.1.8-13.el8.x86_64 1557584847 8bfab60c906a45861cba7546baeebd43727d3edb0cc6f92aed38b08566f4b485
17:13:17,276 INF packaging: Installed: libmetalink-0.1.3-7.el8.x86_64 1557538162 c4087dec9ffc6e6a164563c46ef09bc0c0bbb5cb992f5fbc8cd3bf20417750e1
17:13:17,283 INF packaging: Installed: libksba-1.3.5-7.el8.x86_64 1557538107 e6d3476e9996fb49632744be169f633d92900f5b7151db233501167a9018d240
17:13:17,301 INF packaging: Installed: findutils-1:4.6.0-20.el8.x86_64 1557536961 811eb112646b7d87773c65af47efdca975468f3e5df44aa9944e30de24d83890
17:13:17,346 INF packaging: Configuring (running scriptlet for): findutils-1:4.6.0-20.el8.x86_64 1557536961 811eb112646b7d87773c65af47efdca975468f3e5df44aa9944e30de24d83890
17:13:17,359 INF packaging: Installed: cpio-2.12-8.el8.x86_64 1557535279 c5bf206709fc7895b1ba51073d5984d3df562b94b80e0144a809a930284f0288
17:13:17,389 INF packaging: Installed: ethtool-2:4.16-1.el8.x86_64 1557583308 062e2bb48af65be6acf5466697025d587278558af14f0425c75a1d9c2e036e02
17:13:17,407 INF packaging: Installed: ipcalc-0.2.4-3.el8.x86_64 1557584423 c685e73fcc004751964ebb497b49a8132e7cf07413dba2bdad086a3d5c3bb8a1
17:13:17,413 INF packaging: Installed: libmnl-1.0.4-6.el8.x86_64 1557585097 30fab73ee155f03dbbd99c1e30fe59dfba4ae8fdb2e7213451ccc36d6918bfcc
17:13:17,422 INF packaging: Configuring (running scriptlet for): libmnl-1.0.4-6.el8.x86_64 1557585097 30fab73ee155f03dbbd99c1e30fe59dfba4ae8fdb2e7213451ccc36d6918bfcc
17:13:17,436 INF packaging: Installed: iproute-4.18.0-11.el8.x86_64 1557584431 d953f69fe36ed62861b6eb56c81048ba1816a7b6c2f156b674182d3f7abc5c19
17:13:17,516 INF packaging: Installed: libnghttp2-1.33.0-1.el8.x86_64 1557539407 9cde19304dad125ea70744d9012a453a9bd73e4180aba0601655b36058b8e41f
17:13:17,527 INF packaging: Installed: libpkgconf-1.4.2-1.el8.x86_64 1557540110 a76ff4cf270d2e38106a4bba1880c3a0899d186cd4e1986d7e97c01b934e13b7
17:13:17,533 INF packaging: Installed: pkgconf-1.4.2-1.el8.x86_64 1557540110 dd08de48d25573f0a8492cf858ce8c37abb10eb560975d9df0e45a7f91b3b41d
17:13:17,540 INF packaging: Installed: pkgconf-pkg-config-1.4.2-1.el8.x86_64 1557540110 bf5319e42dbe96c24cd64c974b17f422847cc658c4461d9d61cfe76ad76e9c67
17:13:17,543 INF packaging: Installed: libpcap-14:1.9.0-1.el8.x86_64 1557585741 3df9cc96bafacdcf11f5e8f93ac8c6ae3349a765e03b3732a797a4dfb656c652
17:13:17,562 INF packaging: Installed: iptables-libs-1.8.2-9.el8.x86_64 1557584517 77a8674a39f5f4d2fa8afa32246997bf7f1d7dbf407ca20138e6051efdf9b3d8
17:13:17,574 INF packaging: Installed: libseccomp-2.3.3-3.el8.x86_64 1557586046 54206745583274f23a6f2aad4388dba2ab8cd011404a976e515fe3e86db10308
17:13:17,587 INF packaging: Configuring (running scriptlet for): libseccomp-2.3.3-3.el8.x86_64 1557586046 54206745583274f23a6f2aad4388dba2ab8cd011404a976e515fe3e86db10308
17:13:17,602 INF packaging: Installed: libsigsegv-2.11-5.el8.x86_64 1557538364 02d728cf74eb47005babeeab5ac68ca04472c643203a1faef0037b5f33710fe2
17:13:17,610 INF packaging: Installed: gawk-4.2.1-1.el8.x86_64 1557534106 5daf8c72daefddf2b0392c8bd3d73865b51386a06983dffe6128cf4ba9de7b90
17:13:17,709 INF packaging: Installed: libverto-0.3.0-5.el8.x86_64 1557538733 f95f673fc9236dc712270a343807cdac06297d847001e78cd707482c751b2d0d
17:13:17,715 INF packaging: Installed: krb5-libs-1.16.1-22.el8.x86_64 1557537967 ba89c5bc66e3337805cc770c9df94732778d6fc8fc46dbff9c7660113c059474
17:13:17,811 INF packaging: Installed: libtirpc-1.1.4-3.el8.x86_64 1557538494 bcda0459c81a55c7cf972e3054ac96660f4e234bb73c2d13e35cde1d4cee5a29
17:13:17,827 INF packaging: Configuring (running scriptlet for): libtirpc-1.1.4-3.el8.x86_64 1557538494 bcda0459c81a55c7cf972e3054ac96660f4e234bb73c2d13e35cde1d4cee5a29
17:13:17,842 INF packaging: Installed: libnsl2-1.2.0-2.20180605git4a062cf.el8.x86_64 1557538193 5846c73edfa2ff673989728e9621cce6a1369eb2f8a269ac5205c381a10d327a
17:13:17,855 INF packaging: Configuring (running scriptlet for): libnsl2-1.2.0-2.20180605git4a062cf.el8.x86_64 1557538193 5846c73edfa2ff673989728e9621cce6a1369eb2f8a269ac5205c381a10d327a
17:13:17,871 INF packaging: Installed: platform-python-pip-9.0.3-13.el8.noarch 1557536096 973d802688c3d1ff0ad75bd3caa4abb194d378b11ebe5112f60ad5d91922dc21
17:13:18,476 INF packaging: Installed: platform-python-setuptools-39.2.0-4.el8.noarch 1557536088 4ff327339f0822bfe89ea7d17dd8e7c911fe5ab1fea3c4f4d9f5ce333e4caa04
17:13:18,671 INF packaging: Installed: platform-python-3.6.8-1.el8.0.1.x86_64 1558485087 9f839bf9c65d053eb32b75e6fb6b682f655f11aa39e3db9311b6550b08ac8f5b
17:13:18,678 INF packaging: Configuring (running scriptlet for): platform-python-3.6.8-1.el8.0.1.x86_64 1558485087 9f839bf9c65d053eb32b75e6fb6b682f655f11aa39e3db9311b6550b08ac8f5b
17:13:18,701 INF packaging: Installed: python3-libs-3.6.8-1.el8.0.1.x86_64 1558485087 3b60bc86302eed0e9678033ddb436560e10445d7d9bca903022267acd10ca2c2
17:13:20,778 INF packaging: Installed: libpwquality-1.4.0-9.el8.x86_64 1557538248 343e1994c432d8245a80bc6e1e123374d5653739a9a9d0b1d6e1061ac8358853
17:13:20,797 INF packaging: Installed: pam-1.3.1-4.el8.x86_64 1557540063 948c1face1e1072a9c5915545d0bff26a02a4ed3980ffad4836fefb5b4c371c7
17:13:20,917 INF packaging: Configuring (running scriptlet for): pam-1.3.1-4.el8.x86_64 1557540063 948c1face1e1072a9c5915545d0bff26a02a4ed3980ffad4836fefb5b4c371c7
17:13:20,951 INF packaging: Installed: util-linux-2.32.1-8.el8.x86_64 1557540977 d9c00d8e11fbf2e330d9e4be1d839a31478b384698d22ae845daed0b2d83408a
17:13:21,343 INF packaging: Configuring (running scriptlet for): util-linux-2.32.1-8.el8.x86_64 1557540977 d9c00d8e11fbf2e330d9e4be1d839a31478b384698d22ae845daed0b2d83408a
17:13:21,360 INF packaging: Installed: libcurl-minimal-7.61.1-8.el8.x86_64 1557990343 74084c848b9a24e732b3bbc80e46ef98f61a7c4aea5ef173f4886205231f0156
17:13:21,390 INF packaging: Installed: curl-7.61.1-8.el8.x86_64 1557990343 78bcda19cc78d44e4939cf70e3706c650eb0875b8b6fbe941cc9aca6edd6baf2
17:13:21,420 INF packaging: Installed: rpm-4.14.2-9.el8.x86_64 1557540259 0b072abf6be12f7681170316fe288ff367f20c9804f66f54ece85a12b66f720f
17:13:21,530 INF packaging: Installed: rpm-libs-4.14.2-9.el8.x86_64 1557540259 b90e7e4875d2d083d5edef236addb5c62eed0b888ab6c2da90420e2f5ec29bc5
17:13:21,561 INF packaging: Configuring (running scriptlet for): rpm-libs-4.14.2-9.el8.x86_64 1557540259 b90e7e4875d2d083d5edef236addb5c62eed0b888ab6c2da90420e2f5ec29bc5
17:13:21,587 INF packaging: Installed: libsolv-0.6.35-6.el8.x86_64 1557586169 6ea93576705884a8df0f450490ab72c657b1347ef05582b286e7bbe953bb30e7
17:13:21,628 INF packaging: Installed: device-mapper-8:1.02.155-6.el8.x86_64 1557586611 61376b8ec748241be352dbfc6a78a53421a90941098975a257a90e9604cd8879
17:13:21,650 INF packaging: Installed: device-mapper-libs-8:1.02.155-6.el8.x86_64 1557586611 5bb62386f9b4ab70364549677edf2707c061a9712c52a3058e20c33f4d01da79
17:13:21,671 INF packaging: Configuring (running scriptlet for): device-mapper-libs-8:1.02.155-6.el8.x86_64 1557586611 5bb62386f9b4ab70364549677edf2707c061a9712c52a3058e20c33f4d01da79
17:13:21,685 INF packaging: Installed: cryptsetup-libs-2.0.6-1.el8.x86_64 1557582437 2c1b724056f8dbf2ee2fa22ff7fa78bb1e17c376cdb62ebaa79cea0e341c69db
17:13:21,724 INF packaging: Configuring (running scriptlet for): cryptsetup-libs-2.0.6-1.el8.x86_64 1557582437 2c1b724056f8dbf2ee2fa22ff7fa78bb1e17c376cdb62ebaa79cea0e341c69db
17:13:21,741 INF packaging: Installed: elfutils-default-yama-scope-0.174-6.el8.noarch 1557534248 44d82e3905fe461c8aafa4c104c743f34a3f7364773acbdf436f7fe7dcfd1bfe
17:13:21,746 INF packaging: Configuring (running scriptlet for): elfutils-default-yama-scope-0.174-6.el8.noarch 1557534248 44d82e3905fe461c8aafa4c104c743f34a3f7364773acbdf436f7fe7dcfd1bfe
17:13:21,755 INF packaging: Installed: elfutils-libs-0.174-6.el8.x86_64 1557536737 7b6aad3d8628fdfdf41cde003884bcf011093aa4e972a829c73aa346beacaa0a
17:13:21,807 INF packaging: Installed: systemd-pam-239-13.el8.x86_64 1558622941 111607c3ffe6a533c94b05af6785971d5edce58afdddb0312eb44da4627c0c54
17:13:21,833 INF packaging: Configuring (running scriptlet for): systemd-239-13.el8.x86_64 1558622941 6fe59c6bd766c3f88bea107d1ca49893f7f560055b22e29e478c507de046c897
17:13:21,992 INF packaging: Installed: systemd-239-13.el8.x86_64 1558622941 6fe59c6bd766c3f88bea107d1ca49893f7f560055b22e29e478c507de046c897
17:13:22,598 INF packaging: Configuring (running scriptlet for): systemd-239-13.el8.x86_64 1558622941 6fe59c6bd766c3f88bea107d1ca49893f7f560055b22e29e478c507de046c897
17:13:22,671 INF packaging: Installed: dbus-1:1.12.8-7.el8.x86_64 1557582593 05b379df0e495517857b60e8ed88be90cd0c4993d2552b0254ca7ebbb4457131
17:13:22,672 INF packaging: Installed: iputils-20180629-1.el8.x86_64 1557584541 d1e9d9ed810e037edf87300c37e59a3cb51c44bd3960eebedd6bfc26470e50c0
17:13:22,695 INF packaging: Configuring (running scriptlet for): iputils-20180629-1.el8.x86_64 1557584541 d1e9d9ed810e037edf87300c37e59a3cb51c44bd3960eebedd6bfc26470e50c0
17:13:22,713 INF packaging: Installed: libkcapi-1.1.1-16_1.el8.x86_64 1557585430 5ad05773c3f244d697024367129b2fffdc639f34e298806215f894bb06a233a1
17:13:22,724 INF packaging: Installed: libkcapi-hmaccalc-1.1.1-16_1.el8.x86_64 1557585430 ace3fc0e68568a10d8d64711eb62c06f7334333b5b13cec8d9ee7e7f8ae3aaed
17:13:22,734 INF packaging: Installed: systemd-udev-239-13.el8.x86_64 1558622941 784428f70fe6759ab5ea1159a429ce70ee33dfbc43d8b13aa4deb3d8851913e6
17:13:22,984 INF packaging: Configuring (running scriptlet for): systemd-udev-239-13.el8.x86_64 1558622941 784428f70fe6759ab5ea1159a429ce70ee33dfbc43d8b13aa4deb3d8851913e6
17:13:23,244 INF packaging: Installed: dracut-049-10.git20190115.el8.x86_64 1557583087 7164119d3213b5da363a790beea112a0c57e0af4738f67ef29445effea371aca
17:13:23,405 INF packaging: Installed: dracut-squash-049-10.git20190115.el8.x86_64 1557583087 c37fd6ce311c47bada431158317d1b41a85cee7090a16a523582234c36b016c9
17:13:23,411 INF packaging: Installed: python3-libcomps-0.1.8-13.el8.x86_64 1557584847 8e1bb11639fbd0f026209597791783bdb6d8adbcf981d97fb7853228dc293410
17:13:23,421 INF packaging: Installed: python3-six-1.11.0-8.el8.noarch 1557588702 a04cb3117395b962edc32bf45d8411f240632476b0706b2df7f4a1a87b2ce34b
17:13:23,433 INF packaging: Installed: python3-iniparse-0.4-31.el8.noarch 1557588686 5c0957decce3babef9864904be13190b0072aef720e9f4ca820bab6c02a20178
17:13:23,453 INF packaging: Installed: bind-export-libs-32:9.11.4-16.P2.el8.x86_64 1557771443 5b0e34d480e3349bc95cb1c485aeaeb2d9a3ba26a65ff5aa3e116e46e4a8f177
17:13:23,572 INF packaging: Configuring (running scriptlet for): bind-export-libs-32:9.11.4-16.P2.el8.x86_64 1557771443 5b0e34d480e3349bc95cb1c485aeaeb2d9a3ba26a65ff5aa3e116e46e4a8f177
17:13:23,590 INF packaging: Installed: dhcp-client-12:4.3.6-30.el8.x86_64 1557582957 029f90923c12d0aa7520c76e7d52f84a6d6bedbefa423b5acf319f39598bc9c7
17:13:23,621 INF packaging: Installed: dracut-network-049-10.git20190115.el8.x86_64 1557583087 72f3188b28c60d029a1c8d1f8828d6bbdd6ce5f11df031f72b87b9db8227196a
17:13:23,663 INF packaging: Installed: cyrus-sasl-lib-2.1.27-0.3rc7.el8.x86_64 1557536648 52e1a53d69bba71ca7e5c2633c0c77b7a61ce33503b364672926c98388a76b06
17:13:23,687 INF packaging: Configuring (running scriptlet for): cyrus-sasl-lib-2.1.27-0.3rc7.el8.x86_64 1557536648 52e1a53d69bba71ca7e5c2633c0c77b7a61ce33503b364672926c98388a76b06
17:13:23,702 INF packaging: Installed: openldap-2.4.46-9.el8.x86_64 1557539603 489d0e1180b26643cabe7739d96b6ac0e50f9b10ec08edb44a84d9e6992dc9b9
17:13:23,745 INF packaging: Installed: libyaml-0.1.7-5.el8.x86_64 1557586361 00d537a434b1c2896dada83deb359d71fd005772031c73499c72f2cbd34521c5
17:13:23,755 INF packaging: Installed: libmodulemd1-1.8.0-5.el8.x86_64 1557585288 6cffeb0d9664e75c2e476a2e73d2d5ba84738b6d013de84d849180f7680b8277
17:13:23,779 INF packaging: Installed: npth-1.5-4.el8.x86_64 1557539615 168ab5dbc86b836b8742b2e63eee51d074f1d790728e3d30b0c59fff93cf1d8d
17:13:23,786 INF packaging: Installed: gnupg2-2.2.9-1.el8.x86_64 1557537304 1526b8fe3b26371f6cfe57206321c5dad5b842a77df63ab6523c980be461701e
17:13:24,061 INF packaging: Installed: gpgme-1.10.0-6.el8.0.1.x86_64 1557965227 602f0c27e1f612a9f099152678b7ebb7a273c0ce6da70f5ad3e688c0d0461dc2
17:13:24,089 INF packaging: Installed: librepo-1.9.2-1.el8.x86_64 1557585864 4e509a785c1a1c1f2090eaf21cef0b12e23db7208bb769b29258ba141f4354e3
17:13:24,100 INF packaging: Installed: libdnf-0.22.5-4.el8.x86_64 1558471970 ed00ca5035fbe090d10dfad47eabdf3d07d13ee024a35010f1dc6abaf4eb67b1
17:13:24,171 INF packaging: Installed: python3-libdnf-0.22.5-4.el8.x86_64 1558471970 1da8cba4c3897729f87aaba0750db092a4388e427e69f7303869d044cf931815
17:13:24,271 INF packaging: Installed: python3-hawkey-0.22.5-4.el8.x86_64 1558471970 4f5d50789940f501eb2503e828f6756aa98af2c820e16ee3a687860cf2bbe7b6
17:13:24,288 INF packaging: Installed: python3-gpg-1.10.0-6.el8.0.1.x86_64 1557965227 5e44412bcf9dae2d330d854a00f62379a6784eed0c8b2ca715586586683d70c0
17:13:24,361 INF packaging: Installed: rpm-build-libs-4.14.2-9.el8.x86_64 1557540259 87248d6d2923931c8e77f9f4ba30ff0689a8cf3e2720afb884b92a23f0451aae
17:13:24,378 INF packaging: Configuring (running scriptlet for): rpm-build-libs-4.14.2-9.el8.x86_64 1557540259 87248d6d2923931c8e77f9f4ba30ff0689a8cf3e2720afb884b92a23f0451aae
17:13:24,399 INF packaging: Installed: python3-rpm-4.14.2-9.el8.x86_64 1557540259 31c07ccf5b919b3fb361261e8a2f0d5d84c4a102ca0ff8853c1702030eb54e5f
17:13:24,425 INF packaging: Installed: python3-dnf-4.0.9.2-5.el8.noarch 1557776113 2a59d0f69fcb2b00106c58db565988649737739d524c5bec22e32297522d4304
17:13:24,582 INF packaging: Installed: dnf-4.0.9.2-5.el8.noarch 1557776113 90b20c2f05a0d37fbcdac3a5900ad099b9c95ca4d4007246c717984b9d837d95
17:13:24,620 INF packaging: Configuring (running scriptlet for): dnf-4.0.9.2-5.el8.noarch 1557776113 90b20c2f05a0d37fbcdac3a5900ad099b9c95ca4d4007246c717984b9d837d95
17:13:24,639 INF packaging: Installed: yum-4.0.9.2-5.el8.noarch 1557776113 dff756efc0b47df23234bf9326aa7ee70592683ac422b430f45dae145956eeba
17:13:24,649 INF packaging: Installed: kexec-tools-2.0.17-28.el8.x86_64 1557584747 f4d4cbbe34cccf1042ab4f6e7c0db4556b142cad1ac021d0f6c1cb9f5333493d
17:13:24,719 INF packaging: Configuring (running scriptlet for): kexec-tools-2.0.17-28.el8.x86_64 1557584747 f4d4cbbe34cccf1042ab4f6e7c0db4556b142cad1ac021d0f6c1cb9f5333493d
17:13:24,741 INF packaging: Installed: binutils-2.30-49.el8.x86_64 1557534368 28d32d7426cd1200083247909ae73bcfc9a03cb7001b8a9e6df7c431104ed8d6
17:13:25,357 INF packaging: Configuring (running scriptlet for): binutils-2.30-49.el8.x86_64 1557534368 28d32d7426cd1200083247909ae73bcfc9a03cb7001b8a9e6df7c431104ed8d6
17:13:25,393 INF packaging: Installed: tar-2:1.30-4.el8.x86_64 1557541084 2b861aa67c21b6ca695bbff7a3967f89c3b0af53271552ec3eab21af136b0dbb
17:13:25,462 INF packaging: Configuring (running scriptlet for): tar-2:1.30-4.el8.x86_64 1557541084 2b861aa67c21b6ca695bbff7a3967f89c3b0af53271552ec3eab21af136b0dbb
17:13:25,471 INF packaging: Installed: vim-minimal-2:8.0.1763-10.el8.x86_64 1557590441 13b18fc87bcdb9bc6743ca07494ac724c2cb70d2605f3c6d50d75ea2e2fd076d
17:13:25,527 INF packaging: Installed: hostname-3.20-6.el8.x86_64 1557584275 7a7963e2052bfb45b8569f64619dc5cb92fe8aeb78c754b7cf948b9784646785
17:13:25,535 INF packaging: Configuring (running scriptlet for): hostname-3.20-6.el8.x86_64 1557584275 7a7963e2052bfb45b8569f64619dc5cb92fe8aeb78c754b7cf948b9784646785
17:13:25,550 INF packaging: Installed: less-530-1.el8.x86_64 1557584772 f94172554b8ceeab97b560d0b05c2e2df4b2e737471adce6eca82fd3209be254
17:13:25,572 INF packaging: Installed: langpacks-en-1.0-12.el8.noarch 1557795722 c99db07c2548246f6b2ec98c1d2b536e40b2f4dbba39f3430044868a27985732
17:13:25,575 INF packaging: Installed: rootfiles-8.1-22.el8.noarch 1557588938 d967d6bbb33bf7a295a64807f81875c84e82a8ecc59b6c72fe955141b1660d39
17:13:25,578 INF packaging: Post installation setup phase started.
17:13:25,593 INF packaging: Configuring (running scriptlet for): filesystem-3.8-2.el8.x86_64 1557534820 351293e23886ba1e3de8790141f616b3152692c48924ccb61d96bf7ff3ca9aee
17:13:25,603 INF packaging: Configuring (running scriptlet for): rootfiles-8.1-22.el8.noarch 1557588938 d967d6bbb33bf7a295a64807f81875c84e82a8ecc59b6c72fe955141b1660d39
17:13:25,639 INF packaging: Configuring (running scriptlet for): glibc-common-2.28-42.el8.1.x86_64 1557767660 765f360acaefffb5cf060394997cd4a58db489e502458a6d2c36f3894180f405
17:13:25,670 INF packaging: Configuring (running scriptlet for): info-6.5-4.el8.x86_64 1557540611 8d41c1a7a08d57fa3116d3a3c59c5c7a928dc6191da8974c092132f45a1b4c20
17:13:25,723 INF packaging: Configuring (running scriptlet for): glib2-2.56.4-1.el8.x86_64 1557534979 4f2089b2ac0e526916fdd1ba6f5dc722199fb6baa84f18186447b138421fcad8
17:13:25,785 INF packaging: Configuring (running scriptlet for): systemd-239-13.el8.x86_64 1558622941 6fe59c6bd766c3f88bea107d1ca49893f7f560055b22e29e478c507de046c897
17:13:25,800 INF packaging: Configuring (running scriptlet for): systemd-239-13.el8.x86_64 1558622941 6fe59c6bd766c3f88bea107d1ca49893f7f560055b22e29e478c507de046c897
17:13:25,813 INF packaging: Configuring (running scriptlet for): systemd-239-13.el8.x86_64 1558622941 6fe59c6bd766c3f88bea107d1ca49893f7f560055b22e29e478c507de046c897
17:13:25,825 INF packaging: Configuring (running scriptlet for): systemd-239-13.el8.x86_64 1558622941 6fe59c6bd766c3f88bea107d1ca49893f7f560055b22e29e478c507de046c897
17:13:25,839 INF packaging: Configuring (running scriptlet for): systemd-239-13.el8.x86_64 1558622941 6fe59c6bd766c3f88bea107d1ca49893f7f560055b22e29e478c507de046c897
17:13:25,860 INF packaging: Configuring (running scriptlet for): systemd-udev-239-13.el8.x86_64 1558622941 784428f70fe6759ab5ea1159a429ce70ee33dfbc43d8b13aa4deb3d8851913e6
17:13:26,111 INF packaging: Configuring (running scriptlet for): systemd-udev-239-13.el8.x86_64 1558622941 784428f70fe6759ab5ea1159a429ce70ee33dfbc43d8b13aa4deb3d8851913e6
17:13:26,163 Level 8 dnf: RPM transaction over.
17:13:26,221 INF packaging: Verifying: acl-2.2.53-1.el8.x86_64 1557533834 227de6071cd3aeca7e10ad386beaf38737d081e06350d02208a3f6a2c9710385
17:13:26,222 INF packaging: Verifying: audit-libs-3.0-0.10.20180831git0047a6c.el8.x86_64 1557534186 11329dabc81fd47d25aef6022949e1cf1e5973aeea54f437647bafa7d4cfc242
17:13:26,222 INF packaging: Verifying: basesystem-11-5.el8.noarch 1557533944 48226934763e4c412c1eb65df314e6879720b4b1ebcb3d07c126c9526639cb68
17:13:26,222 INF packaging: Verifying: bash-4.4.19-7.el8.x86_64 1557534622 249d1c680549db3d11c4b3f95de2dd8e2773745d24dbca9c5d6ee781b01fb78e
17:13:26,223 INF packaging: Verifying: bind-export-libs-32:9.11.4-16.P2.el8.x86_64 1557771443 5b0e34d480e3349bc95cb1c485aeaeb2d9a3ba26a65ff5aa3e116e46e4a8f177
17:13:26,223 INF packaging: Verifying: binutils-2.30-49.el8.x86_64 1557534368 28d32d7426cd1200083247909ae73bcfc9a03cb7001b8a9e6df7c431104ed8d6
17:13:26,223 INF packaging: Verifying: bzip2-libs-1.0.6-26.el8.x86_64 1557535203 19d66d152b745dbd49cea9d21c52aec0ec4d4321edef97a342acd3542404fa31
17:13:26,224 INF packaging: Verifying: ca-certificates-2018.2.24-6.el8.noarch 1557534020 704e1d9d7efed18279b3ba1c138e5a09535dfd5e3b1ee50927df28bd771b2292
17:13:26,224 INF packaging: Verifying: centos-release-8.0-0.1905.0.9.el8.x86_64 1565764949 c7ab69441ccd5f851e6b5289f4c5409c6cf7786a0a1d6d9ee95d87e7dc4252c9
17:13:26,224 INF packaging: Verifying: chkconfig-1.11-1.el8.x86_64 1557533964 69bdf0e650a4a1dde5e7f217be7f082d10d14e2692859805b7732cb3daf02a9d
17:13:26,225 INF packaging: Verifying: coreutils-single-8.30-6.el8.x86_64 1557590922 b8659e9fa460b21d7ef02730f5d55fe4a8bf8a86f6dd5b220034643154a70c79
17:13:26,225 INF packaging: Verifying: cpio-2.12-8.el8.x86_64 1557535279 c5bf206709fc7895b1ba51073d5984d3df562b94b80e0144a809a930284f0288
17:13:26,225 INF packaging: Verifying: cracklib-2.9.6-15.el8.x86_64 1557533913 dbbc9e20caabc30070354d91f61f383081f6d658e09d3c09e6df8764559e5aca
17:13:26,226 INF packaging: Verifying: crypto-policies-20181217-6.git9a35207.el8.noarch 1557534159 2da9c758e198863a3e3ae40fa0dca439ee28e02d794221d5451c7721c2d0c091
17:13:26,226 INF packaging: Verifying: cryptsetup-libs-2.0.6-1.el8.x86_64 1557582437 2c1b724056f8dbf2ee2fa22ff7fa78bb1e17c376cdb62ebaa79cea0e341c69db
17:13:26,226 INF packaging: Verifying: curl-7.61.1-8.el8.x86_64 1557990343 78bcda19cc78d44e4939cf70e3706c650eb0875b8b6fbe941cc9aca6edd6baf2
17:13:26,227 INF packaging: Verifying: cyrus-sasl-lib-2.1.27-0.3rc7.el8.x86_64 1557536648 52e1a53d69bba71ca7e5c2633c0c77b7a61ce33503b364672926c98388a76b06
17:13:26,227 INF packaging: Verifying: dbus-1:1.12.8-7.el8.x86_64 1557582593 05b379df0e495517857b60e8ed88be90cd0c4993d2552b0254ca7ebbb4457131
17:13:26,227 INF packaging: Verifying: dbus-common-1:1.12.8-7.el8.noarch 1557580919 c19e035054a81921ba2fd3657e77719f4b06ce640d398707e0027b1fad45ab39
17:13:26,228 INF packaging: Verifying: dbus-daemon-1:1.12.8-7.el8.x86_64 1557582593 ab76c0a34bfe2d6c01434f6324b0dc4ee8e9c79d6127c5794706ac880f53f733
17:13:26,228 INF packaging: Verifying: dbus-libs-1:1.12.8-7.el8.x86_64 1557582593 9e5cc3697b94936dd6145e682d15c9b5753cc8a138c05cfcfe1468842ef3e836
17:13:26,228 INF packaging: Verifying: dbus-tools-1:1.12.8-7.el8.x86_64 1557582593 bbe82de3f55f7cbb6cfeeb1655c1d4d612a43fecf2389ee55d4e788ab219a2b9
17:13:26,229 INF packaging: Verifying: device-mapper-8:1.02.155-6.el8.x86_64 1557586611 61376b8ec748241be352dbfc6a78a53421a90941098975a257a90e9604cd8879
17:13:26,229 INF packaging: Verifying: device-mapper-libs-8:1.02.155-6.el8.x86_64 1557586611 5bb62386f9b4ab70364549677edf2707c061a9712c52a3058e20c33f4d01da79
17:13:26,229 INF packaging: Verifying: dhcp-client-12:4.3.6-30.el8.x86_64 1557582957 029f90923c12d0aa7520c76e7d52f84a6d6bedbefa423b5acf319f39598bc9c7
17:13:26,230 INF packaging: Verifying: dhcp-common-12:4.3.6-30.el8.noarch 1557581085 28b2593b66cf15dd0fb0507ea6d135efb4a769e5a492ae867d941ad5392b2f2e
17:13:26,230 INF packaging: Verifying: dhcp-libs-12:4.3.6-30.el8.x86_64 1557582957 fcfd6dedf86a6af233f16459f9af8de263315585a4dfe729e14e08700a0df991
17:13:26,230 INF packaging: Verifying: dnf-4.0.9.2-5.el8.noarch 1557776113 90b20c2f05a0d37fbcdac3a5900ad099b9c95ca4d4007246c717984b9d837d95
17:13:26,230 INF packaging: Verifying: dnf-data-4.0.9.2-5.el8.noarch 1557776113 867e07f12852bd600ff96105b9fabcf3a1a308906a134b21d62b323cc37dedb3
17:13:26,231 INF packaging: Verifying: dracut-049-10.git20190115.el8.x86_64 1557583087 7164119d3213b5da363a790beea112a0c57e0af4738f67ef29445effea371aca
17:13:26,231 INF packaging: Verifying: dracut-network-049-10.git20190115.el8.x86_64 1557583087 72f3188b28c60d029a1c8d1f8828d6bbdd6ce5f11df031f72b87b9db8227196a
17:13:26,231 INF packaging: Verifying: dracut-squash-049-10.git20190115.el8.x86_64 1557583087 c37fd6ce311c47bada431158317d1b41a85cee7090a16a523582234c36b016c9
17:13:26,232 INF packaging: Verifying: elfutils-default-yama-scope-0.174-6.el8.noarch 1557534248 44d82e3905fe461c8aafa4c104c743f34a3f7364773acbdf436f7fe7dcfd1bfe
17:13:26,232 INF packaging: Verifying: elfutils-libelf-0.174-6.el8.x86_64 1557536737 18960cc757bf565bdabefee8aa0098a12eb5d12b2b50cb9d153641033c3080fa
17:13:26,232 INF packaging: Verifying: elfutils-libs-0.174-6.el8.x86_64 1557536737 7b6aad3d8628fdfdf41cde003884bcf011093aa4e972a829c73aa346beacaa0a
17:13:26,233 INF packaging: Verifying: ethtool-2:4.16-1.el8.x86_64 1557583308 062e2bb48af65be6acf5466697025d587278558af14f0425c75a1d9c2e036e02
17:13:26,233 INF packaging: Verifying: expat-2.2.5-3.el8.x86_64 1557536732 dfe199dc03a6d4122bb5085bc3282777735ec4cfa4bd5e9ee372dcc4cf09b525
17:13:26,233 INF packaging: Verifying: file-libs-5.33-8.el8.x86_64 1557536878 fceec2421c96dbaab6e2678ab5dd6d6b1ce2ffc6e4e264054770fed510fd31d5
17:13:26,234 INF packaging: Verifying: filesystem-3.8-2.el8.x86_64 1557534820 351293e23886ba1e3de8790141f616b3152692c48924ccb61d96bf7ff3ca9aee
17:13:26,234 INF packaging: Verifying: findutils-1:4.6.0-20.el8.x86_64 1557536961 811eb112646b7d87773c65af47efdca975468f3e5df44aa9944e30de24d83890
17:13:26,234 INF packaging: Verifying: gawk-4.2.1-1.el8.x86_64 1557534106 5daf8c72daefddf2b0392c8bd3d73865b51386a06983dffe6128cf4ba9de7b90
17:13:26,235 INF packaging: Verifying: gdbm-1:1.18-1.el8.x86_64 1557537017 76d81e433a5291df491d2e289de9b33d4e5b98dcf48fd0a003c2767415d3e0aa
17:13:26,235 INF packaging: Verifying: gdbm-libs-1:1.18-1.el8.x86_64 1557537017 3a3cb5a11f8e844cd1bf7c0e7bb6c12cc63e743029df50916ce7e6a9f8a4e169
17:13:26,235 INF packaging: Verifying: glib2-2.56.4-1.el8.x86_64 1557534979 4f2089b2ac0e526916fdd1ba6f5dc722199fb6baa84f18186447b138421fcad8
17:13:26,236 INF packaging: Verifying: glibc-2.28-42.el8.1.x86_64 1557767660 26781a64658f39f0c4e3281487fc5162d7e70ef32025d23d9fcef05f9bda24df
17:13:26,236 INF packaging: Verifying: glibc-common-2.28-42.el8.1.x86_64 1557767660 765f360acaefffb5cf060394997cd4a58db489e502458a6d2c36f3894180f405
17:13:26,236 INF packaging: Verifying: glibc-minimal-langpack-2.28-42.el8.1.x86_64 1557767660 2b4131d63d00ba37a6c2fe8f61c5f430ccf735ba613de324c259a6957e2057a5
17:13:26,237 INF packaging: Verifying: gmp-1:6.1.2-8.el8.x86_64 1557537265 0fdf53d9db842da9999d714ed8bb84aea2a982dae73445f836bad8454137956a
17:13:26,237 INF packaging: Verifying: gnupg2-2.2.9-1.el8.x86_64 1557537304 1526b8fe3b26371f6cfe57206321c5dad5b842a77df63ab6523c980be461701e
17:13:26,238 INF packaging: Verifying: gnutls-3.6.5-2.el8.x86_64 1557537533 6543de04d71e07b90d6562853d3f4d6b640dd1452f753b6aaaf75b4d4311f35a
17:13:26,238 INF packaging: Verifying: gpgme-1.10.0-6.el8.0.1.x86_64 1557965227 602f0c27e1f612a9f099152678b7ebb7a273c0ce6da70f5ad3e688c0d0461dc2
17:13:26,238 INF packaging: Verifying: grep-3.1-6.el8.x86_64 1557537409 3f8ffe48bb481a5db7cbe42bf73b839d872351811e5df41b2f6697c61a030487
17:13:26,238 INF packaging: Verifying: gzip-1.9-4.el8.x86_64 1557537486 2e6d69e9447d23d99ce47ef0c469a5f3ec0a2d9a19810b31fa6abb13ec5db040
17:13:26,239 INF packaging: Verifying: hostname-3.20-6.el8.x86_64 1557584275 7a7963e2052bfb45b8569f64619dc5cb92fe8aeb78c754b7cf948b9784646785
17:13:26,239 INF packaging: Verifying: ima-evm-utils-1.1-4.el8.x86_64 1557537582 538a8eb87a57c25d473f448c3969d3cf25a99e69c639981b063430f1d6de4d9b
17:13:26,240 INF packaging: Verifying: info-6.5-4.el8.x86_64 1557540611 8d41c1a7a08d57fa3116d3a3c59c5c7a928dc6191da8974c092132f45a1b4c20
17:13:26,240 INF packaging: Verifying: ipcalc-0.2.4-3.el8.x86_64 1557584423 c685e73fcc004751964ebb497b49a8132e7cf07413dba2bdad086a3d5c3bb8a1
17:13:26,240 INF packaging: Verifying: iproute-4.18.0-11.el8.x86_64 1557584431 d953f69fe36ed62861b6eb56c81048ba1816a7b6c2f156b674182d3f7abc5c19
17:13:26,240 INF packaging: Verifying: iptables-libs-1.8.2-9.el8.x86_64 1557584517 77a8674a39f5f4d2fa8afa32246997bf7f1d7dbf407ca20138e6051efdf9b3d8
17:13:26,241 INF packaging: Verifying: iputils-20180629-1.el8.x86_64 1557584541 d1e9d9ed810e037edf87300c37e59a3cb51c44bd3960eebedd6bfc26470e50c0
17:13:26,242 INF packaging: Verifying: json-c-0.13.1-0.2.el8.x86_64 1557584691 2cc5d8593583fa7d474dd6beef46e229a06a50ff5c132040a188fb573eec0a95
17:13:26,242 INF packaging: Verifying: kexec-tools-2.0.17-28.el8.x86_64 1557584747 f4d4cbbe34cccf1042ab4f6e7c0db4556b142cad1ac021d0f6c1cb9f5333493d
17:13:26,242 INF packaging: Verifying: keyutils-libs-1.5.10-6.el8.x86_64 1557537594 ae82944445464108e4932d18d4f915cc5e0b4763feb7337b2db7a3fdb77839e3
17:13:26,243 INF packaging: Verifying: kmod-25-11.el8.x86_64 1558621721 4d738d32339f0d4cf3ee10fa138c7bc1dcfe9d653478d7369a2f0ce54049b058
17:13:26,243 INF packaging: Verifying: kmod-libs-25-11.el8.x86_64 1558621721 10de414f9cfbe97ce028fdb36cdcbb942fd8a8f77dde2ff9167f7c5bf9ba5645
17:13:26,244 INF packaging: Verifying: krb5-libs-1.16.1-22.el8.x86_64 1557537967 ba89c5bc66e3337805cc770c9df94732778d6fc8fc46dbff9c7660113c059474
17:13:26,244 INF packaging: Verifying: less-530-1.el8.x86_64 1557584772 f94172554b8ceeab97b560d0b05c2e2df4b2e737471adce6eca82fd3209be254
17:13:26,244 INF packaging: Verifying: libacl-2.2.53-1.el8.x86_64 1557533834 4973664648b7ed9278bf29074ec6a60a9f660aa97c23a283750483f64429d5bb
17:13:26,245 INF packaging: Verifying: libarchive-3.3.2-3.el8.x86_64 1557537801 c3c5d391151d8a66e16f83f05f4b91e1b7cd2c3c2baaceffd4496b9fa56f2bee
17:13:26,245 INF packaging: Verifying: libassuan-2.5.1-3.el8.x86_64 1557537853 b49e8c674e462e3f494e825c5fca64002008cbf7a47bf131aa98b7f41678a6eb
17:13:26,245 INF packaging: Verifying: libattr-2.4.48-3.el8.x86_64 1557533865 a02e1344ccde1747501ceeeff37df4f18149fb79b435aa22add08cff6bab3a5a
17:13:26,246 INF packaging: Verifying: libblkid-2.32.1-8.el8.x86_64 1557540977 d1deaa42db95f6a59db98f09f83ddf3c33c0a601375b1d0971656b07f108d58f
17:13:26,246 INF packaging: Verifying: libcap-2.25-9.el8.x86_64 1557584817 d645d4d28f6cbcd5b87d224d1b0dfa4a9a99c50d0e226969e387b99d4cb2afaf
17:13:26,246 INF packaging: Verifying: libcap-ng-0.7.9-4.el8.x86_64 1557537913 f40aebc317f2da3dddc7cb18e7b0a0d557bf90736d1e1170edf194f49d045415
17:13:26,247 INF packaging: Verifying: libcom_err-1.44.3-2.el8.x86_64 1557535628 ff9fe3ec55cec5552317b543cc2053ff2e50f7df778eb7fe49ec950a25f52caa
17:13:26,247 INF packaging: Verifying: libcomps-0.1.8-13.el8.x86_64 1557584847 8bfab60c906a45861cba7546baeebd43727d3edb0cc6f92aed38b08566f4b485
17:13:26,248 INF packaging: Verifying: libcurl-minimal-7.61.1-8.el8.x86_64 1557990343 74084c848b9a24e732b3bbc80e46ef98f61a7c4aea5ef173f4886205231f0156
17:13:26,248 INF packaging: Verifying: libdb-5.3.28-36.el8.x86_64 1557873861 6d4b4ae587651234fc0cb5e28c5c683d770526863f89a470c3cf7ba649a49177
17:13:26,248 INF packaging: Verifying: libdb-utils-5.3.28-36.el8.x86_64 1557873861 fa8f525b4480d10b7db7573f2710c528bc7ea15bc28cbb2c36055d34b7271d22
17:13:26,249 INF packaging: Verifying: libdnf-0.22.5-4.el8.x86_64 1558471970 ed00ca5035fbe090d10dfad47eabdf3d07d13ee024a35010f1dc6abaf4eb67b1
17:13:26,249 INF packaging: Verifying: libfdisk-2.32.1-8.el8.x86_64 1557540977 dbc81c70b39016fa19c83783fc297b54c0e5f103917785ac389375468ba032ee
17:13:26,249 INF packaging: Verifying: libffi-3.1-18.el8.x86_64 1557537946 335abfb06e4df85b8325bffbc0d6fc6565f243480077b2205f97fb021aa0733a
17:13:26,250 INF packaging: Verifying: libgcc-8.2.1-3.5.el8.x86_64 1557770250 79d6601401b90ba921486681aa2c3491159aaf11a2a029a49fdeb23670276b2e
17:13:26,250 INF packaging: Verifying: libgcrypt-1.8.3-2.el8.x86_64 1557538060 3f92307accbe42d08f6af11636131894a1a4617bad5c20d8203485a9a0c3cc8c
17:13:26,251 INF packaging: Verifying: libgpg-error-1.31-1.el8.x86_64 1557538013 845a0732d9d7a01b909124cd8293204764235c2d856227c7a74dfa0e38113e34
17:13:26,251 INF packaging: Verifying: libidn2-2.0.5-1.el8.x86_64 1557538087 0f73bc164e1971f8e89b22ca02b7f39f0ea734ca4aa5e17f5b2b3bf73d913679
17:13:26,251 INF packaging: Verifying: libkcapi-1.1.1-16_1.el8.x86_64 1557585430 5ad05773c3f244d697024367129b2fffdc639f34e298806215f894bb06a233a1
17:13:26,252 INF packaging: Verifying: libkcapi-hmaccalc-1.1.1-16_1.el8.x86_64 1557585430 ace3fc0e68568a10d8d64711eb62c06f7334333b5b13cec8d9ee7e7f8ae3aaed
17:13:26,252 INF packaging: Verifying: libksba-1.3.5-7.el8.x86_64 1557538107 e6d3476e9996fb49632744be169f633d92900f5b7151db233501167a9018d240
17:13:26,252 INF packaging: Verifying: libmetalink-0.1.3-7.el8.x86_64 1557538162 c4087dec9ffc6e6a164563c46ef09bc0c0bbb5cb992f5fbc8cd3bf20417750e1
17:13:26,253 INF packaging: Verifying: libmnl-1.0.4-6.el8.x86_64 1557585097 30fab73ee155f03dbbd99c1e30fe59dfba4ae8fdb2e7213451ccc36d6918bfcc
17:13:26,253 INF packaging: Verifying: libmodulemd1-1.8.0-5.el8.x86_64 1557585288 6cffeb0d9664e75c2e476a2e73d2d5ba84738b6d013de84d849180f7680b8277
17:13:26,253 INF packaging: Verifying: libmount-2.32.1-8.el8.x86_64 1557540977 912823495cf844753cb4d84a03598ed4a8484ddfec0971b73a9f50fd46159ce4
17:13:26,254 INF packaging: Verifying: libnghttp2-1.33.0-1.el8.x86_64 1557539407 9cde19304dad125ea70744d9012a453a9bd73e4180aba0601655b36058b8e41f
17:13:26,254 INF packaging: Verifying: libnsl2-1.2.0-2.20180605git4a062cf.el8.x86_64 1557538193 5846c73edfa2ff673989728e9621cce6a1369eb2f8a269ac5205c381a10d327a
17:13:26,255 INF packaging: Verifying: libpcap-14:1.9.0-1.el8.x86_64 1557585741 3df9cc96bafacdcf11f5e8f93ac8c6ae3349a765e03b3732a797a4dfb656c652
17:13:26,255 INF packaging: Verifying: libpkgconf-1.4.2-1.el8.x86_64 1557540110 a76ff4cf270d2e38106a4bba1880c3a0899d186cd4e1986d7e97c01b934e13b7
17:13:26,255 INF packaging: Verifying: libpwquality-1.4.0-9.el8.x86_64 1557538248 343e1994c432d8245a80bc6e1e123374d5653739a9a9d0b1d6e1061ac8358853
17:13:26,256 INF packaging: Verifying: librepo-1.9.2-1.el8.x86_64 1557585864 4e509a785c1a1c1f2090eaf21cef0b12e23db7208bb769b29258ba141f4354e3
17:13:26,256 INF packaging: Verifying: libreport-filesystem-2.9.5-6.el8.x86_64 1565448042 290105b04220d71dbcb9fefb08640ff8fd97fa6dbcd33ed4295d54697ecdde8d
17:13:26,256 INF packaging: Verifying: libseccomp-2.3.3-3.el8.x86_64 1557586046 54206745583274f23a6f2aad4388dba2ab8cd011404a976e515fe3e86db10308
17:13:26,257 INF packaging: Verifying: libselinux-2.8-6.el8.x86_64 1557538278 bb59edd51bf9288613186ffbd5476df63066266416b1d74e1d87fcce5b4bda66
17:13:26,257 INF packaging: Verifying: libsemanage-2.8-5.el8.x86_64 1557538312 1cc512cd478a5ad7775a781a953c0e8538725164365e1292dc905155d1be8e1b
17:13:26,258 INF packaging: Verifying: libsepol-2.8-2.el8.x86_64 1557538336 fe6ebd0127e226d1dc59ff047a76c01580c03107407b80910348d4b059c72639
17:13:26,258 INF packaging: Verifying: libsigsegv-2.11-5.el8.x86_64 1557538364 02d728cf74eb47005babeeab5ac68ca04472c643203a1faef0037b5f33710fe2
17:13:26,258 INF packaging: Verifying: libsmartcols-2.32.1-8.el8.x86_64 1557540977 787af02f442b5eedb8f4b5a5a70524ae2dfaabce00cb229f8f194df7db8b30f2
17:13:26,259 INF packaging: Verifying: libsolv-0.6.35-6.el8.x86_64 1557586169 6ea93576705884a8df0f450490ab72c657b1347ef05582b286e7bbe953bb30e7
17:13:26,259 INF packaging: Verifying: libstdc++-8.2.1-3.5.el8.x86_64 1557770250 42c37ffdef82e9a5b32ddd406056e3e6e45f4e7e3b3c303cc66583ab96cf08e7
17:13:26,259 INF packaging: Verifying: libtasn1-4.13-3.el8.x86_64 1557538463 e8d9697a8914226a2d3ed5a4523b85e8e70ac09cf90aae05395e6faee9858534
17:13:26,260 INF packaging: Verifying: libtirpc-1.1.4-3.el8.x86_64 1557538494 bcda0459c81a55c7cf972e3054ac96660f4e234bb73c2d13e35cde1d4cee5a29
17:13:26,260 INF packaging: Verifying: libunistring-0.9.9-3.el8.x86_64 1557538610 20bb189228afa589141d9c9d4ed457729d13c11608305387602d0b00ed0a3093
17:13:26,260 INF packaging: Verifying: libusbx-1.0.22-1.el8.x86_64 1557538671 8ff5069483db979abf138129983c15bc145239823dcd31c0ac81aa84bbfb61e4
17:13:26,261 INF packaging: Verifying: libutempter-1.1.6-14.el8.x86_64 1557538847 c8c54c56bff9ca416c3ba6bccac483fb66c81a53d93a19420088715018ed5169
17:13:26,261 INF packaging: Verifying: libuuid-2.32.1-8.el8.x86_64 1557540977 f2d35763ca112ed7d390a92705c481c4e99292ab941aff69949ee4e007d9ab4c
17:13:26,262 INF packaging: Verifying: libverto-0.3.0-5.el8.x86_64 1557538733 f95f673fc9236dc712270a343807cdac06297d847001e78cd707482c751b2d0d
17:13:26,262 INF packaging: Verifying: libxcrypt-4.1.1-4.el8.x86_64 1557538798 607344bcb45159a85fe83b691103e321e4169847abf197db6f3a8b223f6ba54d
17:13:26,262 INF packaging: Verifying: libxml2-2.9.7-5.el8.x86_64 1557538954 b4272779ec0178289c1ba949959a86b10e7a8525d66ab7c8df8e1d2b4efcc4f4
17:13:26,263 INF packaging: Verifying: libyaml-0.1.7-5.el8.x86_64 1557586361 00d537a434b1c2896dada83deb359d71fd005772031c73499c72f2cbd34521c5
17:13:26,263 INF packaging: Verifying: lua-libs-5.3.4-10.el8.x86_64 1557539016 8c101c3e30e4634cbee94e66e95d6d975f6decc6146ff17abe8d348b9c837fd3
17:13:26,264 INF packaging: Verifying: lz4-libs-1.8.1.2-4.el8.x86_64 1557539185 e557dd4b8e4892c224f8a8a8a7443a80c8bcf574069884b639bd6752762e8c8c
17:13:26,264 INF packaging: Verifying: lzo-2.08-14.el8.x86_64 1557586709 5c68635cb03533a38d4a42f6547c21a1d5f9952351bb01f3cf865d2621a6e634
17:13:26,264 INF packaging: Verifying: mpfr-3.1.6-1.el8.x86_64 1557539247 e7f0c34f83c1ec2abb22951779e84d51e234c4ba0a05252e4ffd8917461891a5
17:13:26,265 INF packaging: Verifying: ncurses-base-6.1-7.20180224.el8.noarch 1557535702 1dfed63c2b675064c87d3e95c433a1c4515b24c28a7815e643e6f3d84814e79d
17:13:26,265 INF packaging: Verifying: ncurses-libs-6.1-7.20180224.el8.x86_64 1557539552 440ef0473d6f85c6f173020dab18d376d466b7b960876fba54772f88d4bfe050
17:13:26,265 INF packaging: Verifying: nettle-3.4.1-1.el8.x86_64 1557539328 5d84a3a0ec3c27b50e002c1c27fa97971bf706cf7493a7382d518c5cad657da1
17:13:26,266 INF packaging: Verifying: npth-1.5-4.el8.x86_64 1557539615 168ab5dbc86b836b8742b2e63eee51d074f1d790728e3d30b0c59fff93cf1d8d
17:13:26,266 INF packaging: Verifying: openldap-2.4.46-9.el8.x86_64 1557539603 489d0e1180b26643cabe7739d96b6ac0e50f9b10ec08edb44a84d9e6992dc9b9
17:13:26,266 INF packaging: Verifying: openssl-libs-1:1.1.1-8.el8.x86_64 1557539967 06af70f1398b419ae433e5f9f563b6975f41828adf99491c09a3572358183c24
17:13:26,267 INF packaging: Verifying: p11-kit-0.23.14-4.el8.x86_64 1558472121 62bea6aa7ca4dd42fcb540347a448031848a6d5de1615b8531dd22fbb1a01b18
17:13:26,267 INF packaging: Verifying: p11-kit-trust-0.23.14-4.el8.x86_64 1558472121 b458536809f6870e3d741836fdb927a54eed0bbc1cbd06cdcb30d40266461c85
17:13:26,268 INF packaging: Verifying: pam-1.3.1-4.el8.x86_64 1557540063 948c1face1e1072a9c5915545d0bff26a02a4ed3980ffad4836fefb5b4c371c7
17:13:26,268 INF packaging: Verifying: pcre-8.42-4.el8.x86_64 1557587733 96a45c43313c3b063529bca7fce7220ac7653c4809c3c32154863693e553f935
17:13:26,268 INF packaging: Verifying: pcre2-10.32-1.el8.x86_64 1557540052 bb081744c54f31862e62485e08608ab021c15ab9fe0c5e16fe0980830e01cb4c
17:13:26,269 INF packaging: Verifying: pkgconf-1.4.2-1.el8.x86_64 1557540110 dd08de48d25573f0a8492cf858ce8c37abb10eb560975d9df0e45a7f91b3b41d
17:13:26,269 INF packaging: Verifying: pkgconf-m4-1.4.2-1.el8.noarch 1557535856 56187f25e8ae7c2a5ce228d13c6e93b9c6a701960d61dff8ad720a8879b6059e
17:13:26,269 INF packaging: Verifying: pkgconf-pkg-config-1.4.2-1.el8.x86_64 1557540110 bf5319e42dbe96c24cd64c974b17f422847cc658c4461d9d61cfe76ad76e9c67
17:13:26,270 INF packaging: Verifying: platform-python-3.6.8-1.el8.0.1.x86_64 1558485087 9f839bf9c65d053eb32b75e6fb6b682f655f11aa39e3db9311b6550b08ac8f5b
17:13:26,270 INF packaging: Verifying: platform-python-pip-9.0.3-13.el8.noarch 1557536096 973d802688c3d1ff0ad75bd3caa4abb194d378b11ebe5112f60ad5d91922dc21
17:13:26,270 INF packaging: Verifying: platform-python-setuptools-39.2.0-4.el8.noarch 1557536088 4ff327339f0822bfe89ea7d17dd8e7c911fe5ab1fea3c4f4d9f5ce333e4caa04
17:13:26,271 INF packaging: Verifying: popt-1.16-14.el8.x86_64 1557540167 2f0cdb6874b7b8c1f86749ffc7f0fe90038dacd3859adea611fc685e234f992e
17:13:26,271 INF packaging: Verifying: procps-ng-3.3.15-1.el8.x86_64 1557588468 dbe1e4e3555c073e6731c3d8acdf8bbe1b9bafcaa5ccd263a7405178add13a27
17:13:26,271 INF packaging: Verifying: python3-dnf-4.0.9.2-5.el8.noarch 1557776113 2a59d0f69fcb2b00106c58db565988649737739d524c5bec22e32297522d4304
17:13:26,272 INF packaging: Verifying: python3-gpg-1.10.0-6.el8.0.1.x86_64 1557965227 5e44412bcf9dae2d330d854a00f62379a6784eed0c8b2ca715586586683d70c0
17:13:26,319 Level 8 dnf: timer: verify transaction: 152 ms
17:13:26,320 Level 8 dnf: timer: transaction: 16995 ms
17:13:26,320 INF packaging: Verifying: python3-hawkey-0.22.5-4.el8.x86_64 1558471970 4f5d50789940f501eb2503e828f6756aa98af2c820e16ee3a687860cf2bbe7b6
17:13:26,321 Level 8 dnf: Cleaning up.
17:13:26,322 INF packaging: Verifying: python3-iniparse-0.4-31.el8.noarch 1557588686 5c0957decce3babef9864904be13190b0072aef720e9f4ca820bab6c02a20178
17:13:26,322 INF packaging: Verifying: python3-libcomps-0.1.8-13.el8.x86_64 1557584847 8e1bb11639fbd0f026209597791783bdb6d8adbcf981d97fb7853228dc293410
17:13:26,322 INF packaging: Verifying: python3-libdnf-0.22.5-4.el8.x86_64 1558471970 1da8cba4c3897729f87aaba0750db092a4388e427e69f7303869d044cf931815
17:13:26,323 INF packaging: Verifying: python3-libs-3.6.8-1.el8.0.1.x86_64 1558485087 3b60bc86302eed0e9678033ddb436560e10445d7d9bca903022267acd10ca2c2
17:13:26,323 INF packaging: Verifying: python3-rpm-4.14.2-9.el8.x86_64 1557540259 31c07ccf5b919b3fb361261e8a2f0d5d84c4a102ca0ff8853c1702030eb54e5f
17:13:26,323 INF packaging: Verifying: python3-six-1.11.0-8.el8.noarch 1557588702 a04cb3117395b962edc32bf45d8411f240632476b0706b2df7f4a1a87b2ce34b
17:13:26,323 Level 8 dnf: /tmp/dnf.package.cache/elfutils-libs-0.174-6.el8.x86_64.rpm removed
17:13:26,323 INF packaging: Verifying: readline-7.0-10.el8.x86_64 1557540187 fea868a7d82a7b6f392260ed4afb472dc4428fd71eab1456319f423a845b5084
17:13:26,324 Level 8 dnf: /tmp/dnf.package.cache/libfdisk-2.32.1-8.el8.x86_64.rpm removed
17:13:26,324 INF packaging: Verifying: rootfiles-8.1-22.el8.noarch 1557588938 d967d6bbb33bf7a295a64807f81875c84e82a8ecc59b6c72fe955141b1660d39
17:13:26,324 Level 8 dnf: /tmp/dnf.package.cache/python3-rpm-4.14.2-9.el8.x86_64.rpm removed
17:13:26,324 Level 8 dnf: /tmp/dnf.package.cache/p11-kit-0.23.14-4.el8.x86_64.rpm removed
17:13:26,324 INF packaging: Verifying: rpm-4.14.2-9.el8.x86_64 1557540259 0b072abf6be12f7681170316fe288ff367f20c9804f66f54ece85a12b66f720f
17:13:26,324 Level 8 dnf: /tmp/dnf.package.cache/ima-evm-utils-1.1-4.el8.x86_64.rpm removed
17:13:26,324 Level 8 dnf: /tmp/dnf.package.cache/openldap-2.4.46-9.el8.x86_64.rpm removed
17:13:26,324 INF packaging: Verifying: rpm-build-libs-4.14.2-9.el8.x86_64 1557540259 87248d6d2923931c8e77f9f4ba30ff0689a8cf3e2720afb884b92a23f0451aae
17:13:26,325 INF packaging: Verifying: rpm-libs-4.14.2-9.el8.x86_64 1557540259 b90e7e4875d2d083d5edef236addb5c62eed0b888ab6c2da90420e2f5ec29bc5
17:13:26,325 Level 8 dnf: /tmp/dnf.package.cache/glibc-2.28-42.el8.1.x86_64.rpm removed
17:13:26,325 INF packaging: Verifying: sed-4.5-1.el8.x86_64 1557540287 1d183613170389194490f3bcafac482267b8d4e4c93118cb46f41bba5d9bfa42
17:13:26,325 Level 8 dnf: /tmp/dnf.package.cache/libxcrypt-4.1.1-4.el8.x86_64.rpm removed
17:13:26,325 Level 8 dnf: /tmp/dnf.package.cache/python3-libdnf-0.22.5-4.el8.x86_64.rpm removed
17:13:26,325 INF packaging: Verifying: setup-2.12.2-1.el8.noarch 1557589013 4051388963de041f8de595be496e92d23acafe11d5dcee7b9c44b086ac4c2307
17:13:26,326 Level 8 dnf: /tmp/dnf.package.cache/pam-1.3.1-4.el8.x86_64.rpm removed
17:13:26,326 INF packaging: Verifying: shadow-utils-2:4.6-7.el8.x86_64 1557540362 60cde9a11cfe923b47f19d422e3b5907668cfdfbdd440ce2c11dbf5c439e12f9
17:13:26,326 Level 8 dnf: /tmp/dnf.package.cache/procps-ng-3.3.15-1.el8.x86_64.rpm removed
17:13:26,326 Level 8 dnf: /tmp/dnf.package.cache/bzip2-libs-1.0.6-26.el8.x86_64.rpm removed
17:13:26,326 INF packaging: Verifying: snappy-1.1.7-5.el8.x86_64 1557589543 e78c64740cfa1837905fd5e4848d2bebc3c50149da76c979ecd8702f523dc902
17:13:26,326 Level 8 dnf: /tmp/dnf.package.cache/libmetalink-0.1.3-7.el8.x86_64.rpm removed
17:13:26,326 INF packaging: Verifying: sqlite-libs-3.26.0-3.el8.x86_64 1557540798 0e8309b62391bc87a867c786d90e35dad6041b959a07fc3a259dc8f024a387ca
17:13:26,326 Level 8 dnf: /tmp/dnf.package.cache/xz-libs-5.2.4-3.el8.x86_64.rpm removed
17:13:26,326 INF packaging: Verifying: squashfs-tools-4.3-17.el8.x86_64 1557589591 b829412e47cd003583414e77e05560a5ec65a4006cb599a5dac3207d18bd348a
17:13:26,326 Level 8 dnf: /tmp/dnf.package.cache/bind-export-libs-9.11.4-16.P2.el8.x86_64.rpm removed
17:13:26,327 Level 8 dnf: /tmp/dnf.package.cache/acl-2.2.53-1.el8.x86_64.rpm removed
17:13:26,327 INF packaging: Verifying: systemd-239-13.el8.x86_64 1558622941 6fe59c6bd766c3f88bea107d1ca49893f7f560055b22e29e478c507de046c897
17:13:26,327 Level 8 dnf: /tmp/dnf.package.cache/systemd-udev-239-13.el8.x86_64.rpm removed
17:13:26,327 INF packaging: Verifying: systemd-libs-239-13.el8.x86_64 1558622941 884ba05fe83b9b0ab196533c4ba26780a952cbc3500244c2bd316b0e6375db05
17:13:26,327 Level 8 dnf: /tmp/dnf.package.cache/curl-7.61.1-8.el8.x86_64.rpm removed
17:13:26,327 INF packaging: Verifying: systemd-pam-239-13.el8.x86_64 1558622941 111607c3ffe6a533c94b05af6785971d5edce58afdddb0312eb44da4627c0c54
17:13:26,328 INF packaging: Verifying: systemd-udev-239-13.el8.x86_64 1558622941 784428f70fe6759ab5ea1159a429ce70ee33dfbc43d8b13aa4deb3d8851913e6
17:13:26,328 Level 8 dnf: /tmp/dnf.package.cache/glib2-2.56.4-1.el8.x86_64.rpm removed
17:13:26,328 Level 8 dnf: /tmp/dnf.package.cache/lzo-2.08-14.el8.x86_64.rpm removed
17:13:26,328 INF packaging: Verifying: tar-2:1.30-4.el8.x86_64 1557541084 2b861aa67c21b6ca695bbff7a3967f89c3b0af53271552ec3eab21af136b0dbb
17:13:26,328 Level 8 dnf: /tmp/dnf.package.cache/kmod-libs-25-11.el8.x86_64.rpm removed
17:13:26,328 Level 8 dnf: /tmp/dnf.package.cache/cracklib-2.9.6-15.el8.x86_64.rpm removed
17:13:26,328 INF packaging: Verifying: tzdata-2019a-1.el8.noarch 1557536591 3ad815b825d0cdcd3d3b045e28fac7e4361ab171530e4b946f8118695e25bdd6
17:13:26,328 Level 8 dnf: /tmp/dnf.package.cache/dbus-tools-1.12.8-7.el8.x86_64.rpm removed
17:13:26,329 Level 8 dnf: /tmp/dnf.package.cache/libgcc-8.2.1-3.5.el8.x86_64.rpm removed
17:13:26,329 INF packaging: Verifying: util-linux-2.32.1-8.el8.x86_64 1557540977 d9c00d8e11fbf2e330d9e4be1d839a31478b384698d22ae845daed0b2d83408a
17:13:26,329 Level 8 dnf: /tmp/dnf.package.cache/libnsl2-1.2.0-2.20180605git4a062cf.el8.x86_64.rpm removed
17:13:26,329 Level 8 dnf: /tmp/dnf.package.cache/dbus-1.12.8-7.el8.x86_64.rpm removed
17:13:26,329 INF packaging: Verifying: vim-minimal-2:8.0.1763-10.el8.x86_64 1557590441 13b18fc87bcdb9bc6743ca07494ac724c2cb70d2605f3c6d50d75ea2e2fd076d
17:13:26,329 Level 8 dnf: /tmp/dnf.package.cache/libpwquality-1.4.0-9.el8.x86_64.rpm removed
17:13:26,329 Level 8 dnf: /tmp/dnf.package.cache/file-libs-5.33-8.el8.x86_64.rpm removed
17:13:26,329 INF packaging: Verifying: xz-5.2.4-3.el8.x86_64 1557541139 02f10beaf61212427e0cd57140d050948eea0b533cf432d7bc4c10266c8b33db
17:13:26,329 Level 8 dnf: /tmp/dnf.package.cache/squashfs-tools-4.3-17.el8.x86_64.rpm removed
17:13:26,330 INF packaging: Verifying: xz-libs-5.2.4-3.el8.x86_64 1557541139 61553db2c5d1da168da53ec285de14d00ce91bb02dd902a1688725cf37a7b1a2
17:13:26,330 Level 8 dnf: /tmp/dnf.package.cache/platform-python-setuptools-39.2.0-4.el8.noarch.rpm removed
17:13:26,330 Level 8 dnf: /tmp/dnf.package.cache/libassuan-2.5.1-3.el8.x86_64.rpm removed
17:13:26,330 INF packaging: Verifying: yum-4.0.9.2-5.el8.noarch 1557776113 dff756efc0b47df23234bf9326aa7ee70592683ac422b430f45dae145956eeba
17:13:26,330 Level 8 dnf: /tmp/dnf.package.cache/python3-libcomps-0.1.8-13.el8.x86_64.rpm removed
17:13:26,330 Level 8 dnf: /tmp/dnf.package.cache/gmp-6.1.2-8.el8.x86_64.rpm removed
17:13:26,330 INF packaging: Verifying: zlib-1.2.11-10.el8.x86_64 1557541132 e1b74a2cb4b4e0f536babb782c607898d5e9b16b1d3c2c9cd5eb8918af708778
17:13:26,330 Level 8 dnf: /tmp/dnf.package.cache/libseccomp-2.3.3-3.el8.x86_64.rpm removed
17:13:26,330 Level 8 dnf: /tmp/dnf.package.cache/libtirpc-1.1.4-3.el8.x86_64.rpm removed
17:13:26,331 INF packaging: Verifying: langpacks-en-1.0-12.el8.noarch 1557795722 c99db07c2548246f6b2ec98c1d2b536e40b2f4dbba39f3430044868a27985732
17:13:26,331 Level 8 dnf: /tmp/dnf.package.cache/libpkgconf-1.4.2-1.el8.x86_64.rpm removed
17:13:26,331 Level 8 dnf: /tmp/dnf.package.cache/libgpg-error-1.31-1.el8.x86_64.rpm removed
17:13:26,331 Level 8 dnf: /tmp/dnf.package.cache/librepo-1.9.2-1.el8.x86_64.rpm removed
17:13:26,331 Level 8 dnf: /tmp/dnf.package.cache/libdb-utils-5.3.28-36.el8.x86_64.rpm removed
17:13:26,331 Level 8 dnf: /tmp/dnf.package.cache/dbus-libs-1.12.8-7.el8.x86_64.rpm removed
17:13:26,331 Level 8 dnf: /tmp/dnf.package.cache/kmod-25-11.el8.x86_64.rpm removed
17:13:26,331 Level 8 dnf: /tmp/dnf.package.cache/libidn2-2.0.5-1.el8.x86_64.rpm removed
17:13:26,331 Level 8 dnf: /tmp/dnf.package.cache/libsolv-0.6.35-6.el8.x86_64.rpm removed
17:13:26,332 Level 8 dnf: /tmp/dnf.package.cache/keyutils-libs-1.5.10-6.el8.x86_64.rpm removed
17:13:26,332 Level 8 dnf: /tmp/dnf.package.cache/info-6.5-4.el8.x86_64.rpm removed
17:13:26,332 Level 8 dnf: /tmp/dnf.package.cache/dbus-common-1.12.8-7.el8.noarch.rpm removed
17:13:26,332 Level 8 dnf: /tmp/dnf.package.cache/cyrus-sasl-lib-2.1.27-0.3rc7.el8.x86_64.rpm removed
17:13:26,332 Level 8 dnf: /tmp/dnf.package.cache/zlib-1.2.11-10.el8.x86_64.rpm removed
17:13:26,332 Level 8 dnf: /tmp/dnf.package.cache/device-mapper-1.02.155-6.el8.x86_64.rpm removed
17:13:26,332 Level 8 dnf: /tmp/dnf.package.cache/dracut-049-10.git20190115.el8.x86_64.rpm removed
17:13:26,332 Level 8 dnf: /tmp/dnf.package.cache/findutils-4.6.0-20.el8.x86_64.rpm removed
17:13:26,333 Level 8 dnf: /tmp/dnf.package.cache/gnupg2-2.2.9-1.el8.x86_64.rpm removed
17:13:26,333 Level 8 dnf: /tmp/dnf.package.cache/util-linux-2.32.1-8.el8.x86_64.rpm removed
17:13:26,333 Level 8 dnf: /tmp/dnf.package.cache/gawk-4.2.1-1.el8.x86_64.rpm removed
17:13:26,333 Level 8 dnf: /tmp/dnf.package.cache/libcurl-minimal-7.61.1-8.el8.x86_64.rpm removed
17:13:26,333 Level 8 dnf: /tmp/dnf.package.cache/libsmartcols-2.32.1-8.el8.x86_64.rpm removed
17:13:26,334 Level 8 dnf: /tmp/dnf.package.cache/bash-4.4.19-7.el8.x86_64.rpm removed
17:13:26,334 Level 8 dnf: /tmp/dnf.package.cache/rpm-build-libs-4.14.2-9.el8.x86_64.rpm removed
17:13:26,334 Level 8 dnf: /tmp/dnf.package.cache/audit-libs-3.0-0.10.20180831git0047a6c.el8.x86_64.rpm removed
17:13:26,334 Level 8 dnf: /tmp/dnf.package.cache/libcom_err-1.44.3-2.el8.x86_64.rpm removed
17:13:26,334 Level 8 dnf: /tmp/dnf.package.cache/lua-libs-5.3.4-10.el8.x86_64.rpm removed
17:13:26,334 Level 8 dnf: /tmp/dnf.package.cache/dnf-data-4.0.9.2-5.el8.noarch.rpm removed
17:13:26,334 Level 8 dnf: /tmp/dnf.package.cache/libsemanage-2.8-5.el8.x86_64.rpm removed
17:13:26,334 Level 8 dnf: /tmp/dnf.package.cache/systemd-libs-239-13.el8.x86_64.rpm removed
17:13:26,334 Level 8 dnf: /tmp/dnf.package.cache/libattr-2.4.48-3.el8.x86_64.rpm removed
17:13:26,335 Level 8 dnf: /tmp/dnf.package.cache/pcre-8.42-4.el8.x86_64.rpm removed
17:13:26,335 Level 8 dnf: /tmp/dnf.package.cache/gdbm-1.18-1.el8.x86_64.rpm removed
17:13:26,335 Level 8 dnf: /tmp/dnf.package.cache/xz-5.2.4-3.el8.x86_64.rpm removed
17:13:26,335 Level 8 dnf: /tmp/dnf.package.cache/readline-7.0-10.el8.x86_64.rpm removed
17:13:26,335 Level 8 dnf: /tmp/dnf.package.cache/libtasn1-4.13-3.el8.x86_64.rpm removed
17:13:26,335 Level 8 dnf: /tmp/dnf.package.cache/libacl-2.2.53-1.el8.x86_64.rpm removed
17:13:26,335 Level 8 dnf: /tmp/dnf.package.cache/libstdc++-8.2.1-3.5.el8.x86_64.rpm removed
17:13:26,335 Level 8 dnf: /tmp/dnf.package.cache/libcap-2.25-9.el8.x86_64.rpm removed
17:13:26,335 Level 8 dnf: /tmp/dnf.package.cache/krb5-libs-1.16.1-22.el8.x86_64.rpm removed
17:13:26,336 Level 8 dnf: /tmp/dnf.package.cache/python3-libs-3.6.8-1.el8.0.1.x86_64.rpm removed
17:13:26,336 Level 8 dnf: /tmp/dnf.package.cache/ipcalc-0.2.4-3.el8.x86_64.rpm removed
17:13:26,336 Level 8 dnf: /tmp/dnf.package.cache/libunistring-0.9.9-3.el8.x86_64.rpm removed
17:13:26,337 Level 8 dnf: /tmp/dnf.package.cache/ncurses-libs-6.1-7.20180224.el8.x86_64.rpm removed
17:13:26,337 Level 8 dnf: /tmp/dnf.package.cache/mpfr-3.1.6-1.el8.x86_64.rpm removed
17:13:26,337 Level 8 dnf: /tmp/dnf.package.cache/snappy-1.1.7-5.el8.x86_64.rpm removed
17:13:26,337 Level 8 dnf: /tmp/dnf.package.cache/libyaml-0.1.7-5.el8.x86_64.rpm removed
17:13:26,337 Level 8 dnf: /tmp/dnf.package.cache/libmodulemd1-1.8.0-5.el8.x86_64.rpm removed
17:13:26,337 Level 8 dnf: /tmp/dnf.package.cache/libgcrypt-1.8.3-2.el8.x86_64.rpm removed
17:13:26,337 Level 8 dnf: /tmp/dnf.package.cache/dracut-network-049-10.git20190115.el8.x86_64.rpm removed
17:13:26,337 Level 8 dnf: /tmp/dnf.package.cache/python3-hawkey-0.22.5-4.el8.x86_64.rpm removed
17:13:26,337 Level 8 dnf: /tmp/dnf.package.cache/glibc-minimal-langpack-2.28-42.el8.1.x86_64.rpm removed
17:13:26,338 Level 8 dnf: /tmp/dnf.package.cache/libcomps-0.1.8-13.el8.x86_64.rpm removed
17:13:26,338 Level 8 dnf: /tmp/dnf.package.cache/pkgconf-1.4.2-1.el8.x86_64.rpm removed
17:13:26,338 Level 8 dnf: /tmp/dnf.package.cache/libverto-0.3.0-5.el8.x86_64.rpm removed
17:13:26,338 Level 8 dnf: /tmp/dnf.package.cache/libdnf-0.22.5-4.el8.x86_64.rpm removed
17:13:26,338 Level 8 dnf: /tmp/dnf.package.cache/binutils-2.30-49.el8.x86_64.rpm removed
17:13:26,338 Level 8 dnf: /tmp/dnf.package.cache/dhcp-libs-4.3.6-30.el8.x86_64.rpm removed
17:13:26,339 Level 8 dnf: /tmp/dnf.package.cache/coreutils-single-8.30-6.el8.x86_64.rpm removed
17:13:26,339 Level 8 dnf: /tmp/dnf.package.cache/pkgconf-m4-1.4.2-1.el8.noarch.rpm removed
17:13:26,339 Level 8 dnf: /tmp/dnf.package.cache/openssl-libs-1.1.1-8.el8.x86_64.rpm removed
17:13:26,339 Level 8 dnf: /tmp/dnf.package.cache/gpgme-1.10.0-6.el8.0.1.x86_64.rpm removed
17:13:26,339 Level 8 dnf: /tmp/dnf.package.cache/libxml2-2.9.7-5.el8.x86_64.rpm removed
17:13:26,339 Level 8 dnf: /tmp/dnf.package.cache/kexec-tools-2.0.17-28.el8.x86_64.rpm removed
17:13:26,339 Level 8 dnf: /tmp/dnf.package.cache/libkcapi-1.1.1-16_1.el8.x86_64.rpm removed
17:13:26,339 Level 8 dnf: /tmp/dnf.package.cache/libpcap-1.9.0-1.el8.x86_64.rpm removed
17:13:26,340 Level 8 dnf: /tmp/dnf.package.cache/ncurses-base-6.1-7.20180224.el8.noarch.rpm removed
17:13:26,340 Level 8 dnf: /tmp/dnf.package.cache/npth-1.5-4.el8.x86_64.rpm removed
17:13:26,340 Level 8 dnf: /tmp/dnf.package.cache/cryptsetup-libs-2.0.6-1.el8.x86_64.rpm removed
17:13:26,340 Level 8 dnf: /tmp/dnf.package.cache/gnutls-3.6.5-2.el8.x86_64.rpm removed
17:13:26,340 Level 8 dnf: /tmp/dnf.package.cache/dbus-daemon-1.12.8-7.el8.x86_64.rpm removed
17:13:26,340 Level 8 dnf: /tmp/dnf.package.cache/platform-python-pip-9.0.3-13.el8.noarch.rpm removed
17:13:26,340 Level 8 dnf: /tmp/dnf.package.cache/dnf-4.0.9.2-5.el8.noarch.rpm removed
17:13:26,341 Level 8 dnf: /tmp/dnf.package.cache/filesystem-3.8-2.el8.x86_64.rpm removed
17:13:26,341 Level 8 dnf: /tmp/dnf.package.cache/rootfiles-8.1-22.el8.noarch.rpm removed
17:13:26,341 Level 8 dnf: /tmp/dnf.package.cache/elfutils-libelf-0.174-6.el8.x86_64.rpm removed
17:13:26,341 Level 8 dnf: /tmp/dnf.package.cache/libarchive-3.3.2-3.el8.x86_64.rpm removed
17:13:26,341 Level 8 dnf: /tmp/dnf.package.cache/python3-six-1.11.0-8.el8.noarch.rpm removed
17:13:26,341 Level 8 dnf: /tmp/dnf.package.cache/libffi-3.1-18.el8.x86_64.rpm removed
17:13:26,341 Level 8 dnf: /tmp/dnf.package.cache/dhcp-client-4.3.6-30.el8.x86_64.rpm removed
17:13:26,341 Level 8 dnf: /tmp/dnf.package.cache/libnghttp2-1.33.0-1.el8.x86_64.rpm removed
17:13:26,341 Level 8 dnf: /tmp/dnf.package.cache/centos-release-8.0-0.1905.0.9.el8.x86_64.rpm removed
17:13:26,342 Level 8 dnf: /tmp/dnf.package.cache/python3-iniparse-0.4-31.el8.noarch.rpm removed
17:13:26,342 Level 8 dnf: /tmp/dnf.package.cache/popt-1.16-14.el8.x86_64.rpm removed
17:13:26,342 Level 8 dnf: /tmp/dnf.package.cache/glibc-common-2.28-42.el8.1.x86_64.rpm removed
17:13:26,342 Level 8 dnf: /tmp/dnf.package.cache/systemd-pam-239-13.el8.x86_64.rpm removed
17:13:26,342 Level 8 dnf: /tmp/dnf.package.cache/pcre2-10.32-1.el8.x86_64.rpm removed
17:13:26,342 Level 8 dnf: /tmp/dnf.package.cache/libuuid-2.32.1-8.el8.x86_64.rpm removed
17:13:26,342 Level 8 dnf: /tmp/dnf.package.cache/iproute-4.18.0-11.el8.x86_64.rpm removed
17:13:26,342 Level 8 dnf: /tmp/dnf.package.cache/libmount-2.32.1-8.el8.x86_64.rpm removed
17:13:26,343 Level 8 dnf: /tmp/dnf.package.cache/gdbm-libs-1.18-1.el8.x86_64.rpm removed
17:13:26,343 Level 8 dnf: /tmp/dnf.package.cache/basesystem-11-5.el8.noarch.rpm removed
17:13:26,343 Level 8 dnf: /tmp/dnf.package.cache/json-c-0.13.1-0.2.el8.x86_64.rpm removed
17:13:26,343 Level 8 dnf: /tmp/dnf.package.cache/dhcp-common-4.3.6-30.el8.noarch.rpm removed
17:13:26,343 Level 8 dnf: /tmp/dnf.package.cache/hostname-3.20-6.el8.x86_64.rpm removed
17:13:26,343 Level 8 dnf: /tmp/dnf.package.cache/crypto-policies-20181217-6.git9a35207.el8.noarch.rpm removed
17:13:26,343 Level 8 dnf: /tmp/dnf.package.cache/python3-gpg-1.10.0-6.el8.0.1.x86_64.rpm removed
17:13:26,343 Level 8 dnf: /tmp/dnf.package.cache/lz4-libs-1.8.1.2-4.el8.x86_64.rpm removed
17:13:26,343 Level 8 dnf: /tmp/dnf.package.cache/device-mapper-libs-1.02.155-6.el8.x86_64.rpm removed
17:13:26,344 Level 8 dnf: /tmp/dnf.package.cache/python3-dnf-4.0.9.2-5.el8.noarch.rpm removed
17:13:26,344 Level 8 dnf: /tmp/dnf.package.cache/libutempter-1.1.6-14.el8.x86_64.rpm removed
17:13:26,344 Level 8 dnf: /tmp/dnf.package.cache/elfutils-default-yama-scope-0.174-6.el8.noarch.rpm removed
17:13:26,344 Level 8 dnf: /tmp/dnf.package.cache/p11-kit-trust-0.23.14-4.el8.x86_64.rpm removed
17:13:26,344 Level 8 dnf: /tmp/dnf.package.cache/ca-certificates-2018.2.24-6.el8.noarch.rpm removed
17:13:26,344 Level 8 dnf: /tmp/dnf.package.cache/libsepol-2.8-2.el8.x86_64.rpm removed
17:13:26,344 Level 8 dnf: /tmp/dnf.package.cache/libblkid-2.32.1-8.el8.x86_64.rpm removed
17:13:26,344 Level 8 dnf: /tmp/dnf.package.cache/setup-2.12.2-1.el8.noarch.rpm removed
17:13:26,345 Level 8 dnf: /tmp/dnf.package.cache/langpacks-en-1.0-12.el8.noarch.rpm removed
17:13:26,345 Level 8 dnf: /tmp/dnf.package.cache/libreport-filesystem-2.9.5-6.el8.x86_64.rpm removed
17:13:26,345 Level 8 dnf: /tmp/dnf.package.cache/libcap-ng-0.7.9-4.el8.x86_64.rpm removed
17:13:26,345 Level 8 dnf: /tmp/dnf.package.cache/libusbx-1.0.22-1.el8.x86_64.rpm removed
17:13:26,345 Level 8 dnf: /tmp/dnf.package.cache/libkcapi-hmaccalc-1.1.1-16_1.el8.x86_64.rpm removed
17:13:26,345 Level 8 dnf: /tmp/dnf.package.cache/less-530-1.el8.x86_64.rpm removed
17:13:26,345 Level 8 dnf: /tmp/dnf.package.cache/sed-4.5-1.el8.x86_64.rpm removed
17:13:26,345 Level 8 dnf: /tmp/dnf.package.cache/grep-3.1-6.el8.x86_64.rpm removed
17:13:26,345 Level 8 dnf: /tmp/dnf.package.cache/nettle-3.4.1-1.el8.x86_64.rpm removed
17:13:26,346 Level 8 dnf: /tmp/dnf.package.cache/cpio-2.12-8.el8.x86_64.rpm removed
17:13:26,346 Level 8 dnf: /tmp/dnf.package.cache/platform-python-3.6.8-1.el8.0.1.x86_64.rpm removed
17:13:26,346 Level 8 dnf: /tmp/dnf.package.cache/vim-minimal-8.0.1763-10.el8.x86_64.rpm removed
17:13:26,346 Level 8 dnf: /tmp/dnf.package.cache/rpm-libs-4.14.2-9.el8.x86_64.rpm removed
17:13:26,346 Level 8 dnf: /tmp/dnf.package.cache/libdb-5.3.28-36.el8.x86_64.rpm removed
17:13:26,346 Level 8 dnf: /tmp/dnf.package.cache/systemd-239-13.el8.x86_64.rpm removed
17:13:26,347 Level 8 dnf: /tmp/dnf.package.cache/tar-1.30-4.el8.x86_64.rpm removed
17:13:26,347 Level 8 dnf: /tmp/dnf.package.cache/tzdata-2019a-1.el8.noarch.rpm removed
17:13:26,347 Level 8 dnf: /tmp/dnf.package.cache/shadow-utils-4.6-7.el8.x86_64.rpm removed
17:13:26,347 Level 8 dnf: /tmp/dnf.package.cache/libmnl-1.0.4-6.el8.x86_64.rpm removed
17:13:26,347 Level 8 dnf: /tmp/dnf.package.cache/libselinux-2.8-6.el8.x86_64.rpm removed
17:13:26,347 Level 8 dnf: /tmp/dnf.package.cache/gzip-1.9-4.el8.x86_64.rpm removed
17:13:26,347 Level 8 dnf: /tmp/dnf.package.cache/chkconfig-1.11-1.el8.x86_64.rpm removed
17:13:26,347 Level 8 dnf: /tmp/dnf.package.cache/expat-2.2.5-3.el8.x86_64.rpm removed
17:13:26,348 Level 8 dnf: /tmp/dnf.package.cache/yum-4.0.9.2-5.el8.noarch.rpm removed
17:13:26,348 Level 8 dnf: /tmp/dnf.package.cache/libsigsegv-2.11-5.el8.x86_64.rpm removed
17:13:26,348 Level 8 dnf: /tmp/dnf.package.cache/libksba-1.3.5-7.el8.x86_64.rpm removed
17:13:26,348 Level 8 dnf: /tmp/dnf.package.cache/ethtool-4.16-1.el8.x86_64.rpm removed
17:13:26,348 Level 8 dnf: /tmp/dnf.package.cache/sqlite-libs-3.26.0-3.el8.x86_64.rpm removed
17:13:26,348 Level 8 dnf: /tmp/dnf.package.cache/iputils-20180629-1.el8.x86_64.rpm removed
17:13:26,348 Level 8 dnf: /tmp/dnf.package.cache/rpm-4.14.2-9.el8.x86_64.rpm removed
17:13:26,348 Level 8 dnf: /tmp/dnf.package.cache/iptables-libs-1.8.2-9.el8.x86_64.rpm removed
17:13:26,348 Level 8 dnf: /tmp/dnf.package.cache/dracut-squash-049-10.git20190115.el8.x86_64.rpm removed
17:13:26,349 Level 8 dnf: /tmp/dnf.package.cache/pkgconf-pkg-config-1.4.2-1.el8.x86_64.rpm removed
17:13:26,429 INF packaging: Cleaning up downloaded packages: /tmp/dnf.package.cache
17:13:26,433 Level 8 dnf: Cleaning up.
17:13:26,433 INF dnf: The downloaded packages were saved in cache until the next successful transaction.
17:13:26,433 INF dnf: You can remove cached packages by executing 'dnf clean packages'.
